<?xml version="1.0" encoding="UTF-8"?>
<testsuites name="Campagn BC - MMS" time="166" tests="1" failures="1" errors="0">
   <testsuite name="Campagn BC - MMS" tests="1" failures="1" errors="0" time="166" timestamp="2018-11-22 10:55:16" hostname="NITRO 5 - NITRO-5" id="Test Suites/Test Suite/Campagn BC - MMS">
      <properties>
         <property name="deviceName" value=""/>
         <property name="devicePlatform" value=""/>
         <property name="logFolder" value="C:\\Users\\NITRO 5\\Katalon Studio\\Belajar\\Reports\\Test Suite\\Campagn BC - MMS\\20181122_105515"/>
         <property name="logFiles" value="C:\\Users\\NITRO 5\\Katalon Studio\\Belajar\\Reports\\Test Suite\\Campagn BC - MMS\\20181122_105515\\execution0.log"/>
         <property name="attachments" value="C:\\Users\\NITRO 5\\Katalon Studio\\Belajar\\Reports\\Test Suite\\Campagn BC - MMS\\20181122_105515\\1542858997589.png"/>
         <property name="hostName" value="NITRO 5 - NITRO-5"/>
         <property name="os" value="Windows 10 64bit"/>
         <property name="katalonVersion" value="5.8.6.1"/>
         <property name="browser" value="Firefox 57.0"/>
         <property name="hostAddress" value="192.168.43.120"/>
         <property name="sessionId" value="4f718267-92f8-463e-bb1c-8d70916c31ce"/>
         <property name="seleniumVersion" value="3.7.1"/>
         <property name="proxyInformation" value="ProxyInformation{proxyOption=NO_PROXY, proxyServerType=HTTP, password=, proxyServerAddress=, proxyServerPort=0}"/>
         <property name="platform" value="Windows 10"/>
      </properties>
      <testcase name="Test Cases/Campaign/Broadcast/normal - create BC-MMS" classname="Test Cases/Campaign/Broadcast/normal - create BC-MMS" status="FAILED">
         <failure type="FAILED" message="(Stack trace: com.kms.katalon.core.exception.StepFailedException: Unable to set text 'Neural_Test_20181122_01_MMS' of object 'Object Repository/Campaign/input_Judul Iklan_campaign_nam' (Root cause: com.kms.katalon.core.webui.exception.WebElementNotFoundException: Web element with id: 'Object Repository/Campaign/input_Judul Iklan_campaign_nam' located by 'By.xpath: id(&quot;campaign_name&quot;)[count(. | //input[@type = 'text' and @id = 'campaign_name' and @name = 'campaign_name' and @maxlength = '45']) = count(//input[@type = 'text' and @id = 'campaign_name' and @name = 'campaign_name' and @maxlength = '45'])]' not found)
	at com.kms.katalon.core.keyword.internal.KeywordMain.stepFailed(KeywordMain.groovy:36)
	at com.kms.katalon.core.webui.keyword.internal.WebUIKeywordMain.stepFailed(WebUIKeywordMain.groovy:65)
	at com.kms.katalon.core.webui.keyword.internal.WebUIKeywordMain.runKeyword(WebUIKeywordMain.groovy:27)
	at com.kms.katalon.core.webui.keyword.builtin.SetTextKeyword.setText(SetTextKeyword.groovy:65)
	at com.kms.katalon.core.webui.keyword.builtin.SetTextKeyword.execute(SetTextKeyword.groovy:37)
	at com.kms.katalon.core.keyword.internal.KeywordExecutor.executeKeywordForPlatform(KeywordExecutor.groovy:53)
	at com.kms.katalon.core.webui.keyword.WebUiBuiltInKeywords.setText(WebUiBuiltInKeywords.groovy:950)
	at com.kms.katalon.core.webui.keyword.WebUiBuiltInKeywords$setText$2.call(Unknown Source)
	at org.codehaus.groovy.runtime.callsite.CallSiteArray.defaultCall(CallSiteArray.java:48)
	at org.codehaus.groovy.runtime.callsite.AbstractCallSite.call(AbstractCallSite.java:113)
	at org.codehaus.groovy.runtime.callsite.AbstractCallSite.call(AbstractCallSite.java:133)
	at Script1542765929680.run(Script1542765929680.groovy:46)
	at com.kms.katalon.core.main.ScriptEngine.run(ScriptEngine.java:183)
	at com.kms.katalon.core.main.ScriptEngine.runScriptAsRawText(ScriptEngine.java:108)
	at com.kms.katalon.core.main.TestCaseExecutor.runScript(TestCaseExecutor.java:294)
	at com.kms.katalon.core.main.TestCaseExecutor.doExecute(TestCaseExecutor.java:285)
	at com.kms.katalon.core.main.TestCaseExecutor.processExecutionPhase(TestCaseExecutor.java:264)
	at com.kms.katalon.core.main.TestCaseExecutor.accessMainPhase(TestCaseExecutor.java:256)
	at com.kms.katalon.core.main.TestCaseExecutor.execute(TestCaseExecutor.java:200)
	at com.kms.katalon.core.main.TestSuiteExecutor.accessTestCaseMainPhase(TestSuiteExecutor.java:129)
	at com.kms.katalon.core.main.TestSuiteExecutor.accessTestSuiteMainPhase(TestSuiteExecutor.java:112)
	at com.kms.katalon.core.main.TestSuiteExecutor.execute(TestSuiteExecutor.java:81)
	at com.kms.katalon.core.main.TestCaseMain.startTestSuite(TestCaseMain.java:142)
	at com.kms.katalon.core.main.TestCaseMain$startTestSuite$0.call(Unknown Source)
	at org.codehaus.groovy.runtime.callsite.CallSiteArray.defaultCall(CallSiteArray.java:48)
	at org.codehaus.groovy.runtime.callsite.AbstractCallSite.call(AbstractCallSite.java:113)
	at org.codehaus.groovy.runtime.callsite.AbstractCallSite.call(AbstractCallSite.java:141)
	at TempTestSuite1542858915060.run(TempTestSuite1542858915060.groovy:36)
	at groovy.lang.GroovyShell.runScriptOrMainOrTestOrRunnable(GroovyShell.java:263)
	at groovy.lang.GroovyShell.run(GroovyShell.java:518)
	at groovy.lang.GroovyShell.run(GroovyShell.java:507)
	at groovy.ui.GroovyMain.processOnce(GroovyMain.java:653)
	at groovy.ui.GroovyMain.run(GroovyMain.java:384)
	at groovy.ui.GroovyMain.process(GroovyMain.java:370)
	at groovy.ui.GroovyMain.processArgs(GroovyMain.java:129)
	at groovy.ui.GroovyMain.main(GroovyMain.java:109)
	at sun.reflect.NativeMethodAccessorImpl.invoke0(Native Method)
	at sun.reflect.NativeMethodAccessorImpl.invoke(NativeMethodAccessorImpl.java:62)
	at sun.reflect.DelegatingMethodAccessorImpl.invoke(DelegatingMethodAccessorImpl.java:43)
	at java.lang.reflect.Method.invoke(Method.java:498)
	at org.codehaus.groovy.tools.GroovyStarter.rootLoader(GroovyStarter.java:109)
	at org.codehaus.groovy.tools.GroovyStarter.main(GroovyStarter.java:131)
)"/>
         <system-out><![CDATA[2018-11-22 10:55:17 - [TEST_CASE][FAILED] - Test Cases/Campaign/Broadcast/normal - create BC-MMS: Test Cases/Campaign/Broadcast/normal - create BC-MMS FAILED because (of) (Stack trace: com.kms.katalon.core.exception.StepFailedException: Unable to set text 'Neural_Test_20181122_01_MMS' of object 'Object Repository/Campaign/input_Judul Iklan_campaign_nam' (Root cause: com.kms.katalon.core.webui.exception.WebElementNotFoundException: Web element with id: 'Object Repository/Campaign/input_Judul Iklan_campaign_nam' located by 'By.xpath: id("campaign_name")[count(. | //input[@type = 'text' and @id = 'campaign_name' and @name = 'campaign_name' and @maxlength = '45']) = count(//input[@type = 'text' and @id = 'campaign_name' and @name = 'campaign_name' and @maxlength = '45'])]' not found)
	at com.kms.katalon.core.keyword.internal.KeywordMain.stepFailed(KeywordMain.groovy:36)
	at com.kms.katalon.core.webui.keyword.internal.WebUIKeywordMain.stepFailed(WebUIKeywordMain.groovy:65)
	at com.kms.katalon.core.webui.keyword.internal.WebUIKeywordMain.runKeyword(WebUIKeywordMain.groovy:27)
	at com.kms.katalon.core.webui.keyword.builtin.SetTextKeyword.setText(SetTextKeyword.groovy:65)
	at com.kms.katalon.core.webui.keyword.builtin.SetTextKeyword.execute(SetTextKeyword.groovy:37)
	at com.kms.katalon.core.keyword.internal.KeywordExecutor.executeKeywordForPlatform(KeywordExecutor.groovy:53)
	at com.kms.katalon.core.webui.keyword.WebUiBuiltInKeywords.setText(WebUiBuiltInKeywords.groovy:950)
	at com.kms.katalon.core.webui.keyword.WebUiBuiltInKeywords$setText$2.call(Unknown Source)
	at org.codehaus.groovy.runtime.callsite.CallSiteArray.defaultCall(CallSiteArray.java:48)
	at org.codehaus.groovy.runtime.callsite.AbstractCallSite.call(AbstractCallSite.java:113)
	at org.codehaus.groovy.runtime.callsite.AbstractCallSite.call(AbstractCallSite.java:133)
	at Script1542765929680.run(Script1542765929680.groovy:46)
	at com.kms.katalon.core.main.ScriptEngine.run(ScriptEngine.java:183)
	at com.kms.katalon.core.main.ScriptEngine.runScriptAsRawText(ScriptEngine.java:108)
	at com.kms.katalon.core.main.TestCaseExecutor.runScript(TestCaseExecutor.java:294)
	at com.kms.katalon.core.main.TestCaseExecutor.doExecute(TestCaseExecutor.java:285)
	at com.kms.katalon.core.main.TestCaseExecutor.processExecutionPhase(TestCaseExecutor.java:264)
	at com.kms.katalon.core.main.TestCaseExecutor.accessMainPhase(TestCaseExecutor.java:256)
	at com.kms.katalon.core.main.TestCaseExecutor.execute(TestCaseExecutor.java:200)
	at com.kms.katalon.core.main.TestSuiteExecutor.accessTestCaseMainPhase(TestSuiteExecutor.java:129)
	at com.kms.katalon.core.main.TestSuiteExecutor.accessTestSuiteMainPhase(TestSuiteExecutor.java:112)
	at com.kms.katalon.core.main.TestSuiteExecutor.execute(TestSuiteExecutor.java:81)
	at com.kms.katalon.core.main.TestCaseMain.startTestSuite(TestCaseMain.java:142)
	at com.kms.katalon.core.main.TestCaseMain$startTestSuite$0.call(Unknown Source)
	at org.codehaus.groovy.runtime.callsite.CallSiteArray.defaultCall(CallSiteArray.java:48)
	at org.codehaus.groovy.runtime.callsite.AbstractCallSite.call(AbstractCallSite.java:113)
	at org.codehaus.groovy.runtime.callsite.AbstractCallSite.call(AbstractCallSite.java:141)
	at TempTestSuite1542858915060.run(TempTestSuite1542858915060.groovy:36)
	at groovy.lang.GroovyShell.runScriptOrMainOrTestOrRunnable(GroovyShell.java:263)
	at groovy.lang.GroovyShell.run(GroovyShell.java:518)
	at groovy.lang.GroovyShell.run(GroovyShell.java:507)
	at groovy.ui.GroovyMain.processOnce(GroovyMain.java:653)
	at groovy.ui.GroovyMain.run(GroovyMain.java:384)
	at groovy.ui.GroovyMain.process(GroovyMain.java:370)
	at groovy.ui.GroovyMain.processArgs(GroovyMain.java:129)
	at groovy.ui.GroovyMain.main(GroovyMain.java:109)
	at sun.reflect.NativeMethodAccessorImpl.invoke0(Native Method)
	at sun.reflect.NativeMethodAccessorImpl.invoke(NativeMethodAccessorImpl.java:62)
	at sun.reflect.DelegatingMethodAccessorImpl.invoke(DelegatingMethodAccessorImpl.java:43)
	at java.lang.reflect.Method.invoke(Method.java:498)
	at org.codehaus.groovy.tools.GroovyStarter.rootLoader(GroovyStarter.java:109)
	at org.codehaus.groovy.tools.GroovyStarter.main(GroovyStarter.java:131)
)

2018-11-22 10:55:17 - [TEST_STEP][PASSED] - Statement - fileOutput = new java.io.FileWriter(D:\output-createcampaignmms.txt): null

2018-11-22 10:55:17 - [TEST_STEP][PASSED] - Statement - wr = new java.io.BufferedWriter(fileOutput): null

2018-11-22 10:55:17 - [TEST_STEP][PASSED] - Statement - data = com.kms.katalon.core.testdata.TestDataFactory.findTestData(excel-campaign-mms): Reading excel file with source file 'C:\Users\NITRO 5\Documents\TestDataMMS.xlsx' and sheet name 'Lembar1'

2018-11-22 10:55:18 - [TEST_STEP][PASSED] - callTestCase: Call Test Case 'Test Cases/Login/normal - login' successfully

2018-11-22 10:55:18 - [TEST_CASE][PASSED] - Test Cases/Login/normal - login: Test Cases/Login/normal - login

2018-11-22 10:55:18 - [TEST_STEP][PASSED] - openBrowser: Browser is opened with url: 'myads.telkomsel.com'

2018-11-22 10:55:37 - [MESSAGE][PASSED] - Browser is opened with url: 'myads.telkomsel.com'

2018-11-22 10:55:37 - [TEST_STEP][PASSED] - maximizeWindow: Current window maximized

2018-11-22 10:55:41 - [MESSAGE][PASSED] - Current window maximized

2018-11-22 10:55:41 - [TEST_STEP][PASSED] - click: Object: 'Object Repository/LoginPage/a_Masuk' is clicked on

2018-11-22 10:55:45 - [MESSAGE][PASSED] - Object: 'Object Repository/LoginPage/a_Masuk' is clicked on

2018-11-22 10:55:45 - [TEST_STEP][PASSED] - setText: Text 'made.bagus@neuralt.com' is set on object 'Object Repository/LoginPage/input_Alamat E-mail Anda_email'

2018-11-22 10:55:45 - [MESSAGE][PASSED] - Text 'made.bagus@neuralt.com' is set on object 'Object Repository/LoginPage/input_Alamat E-mail Anda_email'

2018-11-22 10:55:45 - [TEST_STEP][PASSED] - setText: Text 'satria28' is set on object 'Object Repository/LoginPage/input_Password_password'

2018-11-22 10:55:45 - [MESSAGE][PASSED] - Text 'satria28' is set on object 'Object Repository/LoginPage/input_Password_password'

2018-11-22 10:55:45 - [TEST_STEP][PASSED] - Statement - username = com.kms.katalon.core.webui.keyword.WebUiBuiltInKeywords.getAttribute(com.kms.katalon.core.testobject.ObjectRepository.findTestObject(LoginPage/input_Alamat E-mail Anda_email), "value"): Attribute 'value' of object 'Object Repository/LoginPage/input_Alamat E-mail Anda_email' is: 'made.bagus@neuralt.com'

2018-11-22 10:55:45 - [MESSAGE][PASSED] - Attribute 'value' of object 'Object Repository/LoginPage/input_Alamat E-mail Anda_email' is: 'made.bagus@neuralt.com'

2018-11-22 10:55:45 - [TEST_STEP][PASSED] - Statement - password = com.kms.katalon.core.webui.keyword.WebUiBuiltInKeywords.getAttribute(com.kms.katalon.core.testobject.ObjectRepository.findTestObject(LoginPage/input_Password_password), "value"): Attribute 'value' of object 'Object Repository/LoginPage/input_Password_password' is: 'satria28'

2018-11-22 10:55:45 - [MESSAGE][PASSED] - Attribute 'value' of object 'Object Repository/LoginPage/input_Password_password' is: 'satria28'

2018-11-22 10:55:45 - [TEST_STEP][PASSED] - Statement - If (username != null && password != null): Object: 'Object Repository/LoginPage/button_MASUK' is clicked on

2018-11-22 10:55:45 - [TEST_STEP][PASSED] - Statement - If (username.equals(username) && password.equals(password)): Object: 'Object Repository/LoginPage/button_MASUK' is clicked on

2018-11-22 10:55:45 - [TEST_STEP][PASSED] - Statement - println("username: " + username + " | password: " + password): null

2018-11-22 10:55:45 - [TEST_STEP][PASSED] - click: Object: 'Object Repository/LoginPage/i_Password_fa-eye' is clicked on

2018-11-22 10:55:45 - [MESSAGE][PASSED] - Object: 'Object Repository/LoginPage/i_Password_fa-eye' is clicked on

2018-11-22 10:55:45 - [TEST_STEP][PASSED] - click: Object: 'Object Repository/LoginPage/button_MASUK' is clicked on

2018-11-22 10:56:02 - [MESSAGE][PASSED] - Object: 'Object Repository/LoginPage/button_MASUK' is clicked on

2018-11-22 10:56:02 - [MESSAGE][PASSED] - Call Test Case 'Test Cases/Login/normal - login' successfully

2018-11-22 10:56:02 - [TEST_STEP][PASSED] - Statement - wr.write("Login berhasil"): null

2018-11-22 10:56:02 - [TEST_STEP][PASSED] - Statement - wr.newLine(): null

2018-11-22 10:56:02 - [TEST_STEP][PASSED] - Statement - wr.newLine(): null

2018-11-22 10:56:02 - [TEST_STEP][FAILED] - Statement - For (def index2 : (0..(data.getRowNumbers() - 1))): Unable to set text 'Neural_Test_20181122_01_MMS' of object 'Object Repository/Campaign/input_Judul Iklan_campaign_nam' (Root cause: com.kms.katalon.core.webui.exception.WebElementNotFoundException: Web element with id: 'Object Repository/Campaign/input_Judul Iklan_campaign_nam' located by 'By.xpath: id("campaign_name")[count(. | //input[@type = 'text' and @id = 'campaign_name' and @name = 'campaign_name' and @maxlength = '45']) = count(//input[@type = 'text' and @id = 'campaign_name' and @name = 'campaign_name' and @maxlength = '45'])]' not found)

2018-11-22 10:56:02 - [TEST_STEP][PASSED] - Statement - wr.write("create campaign " + data.internallyGetValue("namaiklan", index2)): null

2018-11-22 10:56:02 - [TEST_STEP][PASSED] - Statement - wr.newLine(): null

2018-11-22 10:56:02 - [TEST_STEP][PASSED] - click: Object: 'Object Repository/Campaign/a_Buat Iklan' is clicked on

2018-11-22 10:56:05 - [MESSAGE][PASSED] - Object: 'Object Repository/Campaign/a_Buat Iklan' is clicked on

2018-11-22 10:56:05 - [TEST_STEP][PASSED] - click: Object: 'Object Repository/Campaign/div_Broadcast' is clicked on

2018-11-22 10:56:05 - [MESSAGE][PASSED] - Object: 'Object Repository/Campaign/div_Broadcast' is clicked on

2018-11-22 10:56:05 - [TEST_STEP][PASSED] - delay: Delayed 1 second(s)

2018-11-22 10:56:06 - [MESSAGE][PASSED] - Delayed 1 second(s)

2018-11-22 10:56:06 - [TEST_STEP][PASSED] - click: Object: 'Object Repository/Campaign/div_MMS' is clicked on

2018-11-22 10:56:06 - [MESSAGE][PASSED] - Object: 'Object Repository/Campaign/div_MMS' is clicked on

2018-11-22 10:56:06 - [TEST_STEP][PASSED] - comment: Step 1

2018-11-22 10:56:06 - [TEST_STEP][FAILED] - setText: Unable to set text 'Neural_Test_20181122_01_MMS' of object 'Object Repository/Campaign/input_Judul Iklan_campaign_nam' (Root cause: com.kms.katalon.core.webui.exception.WebElementNotFoundException: Web element with id: 'Object Repository/Campaign/input_Judul Iklan_campaign_nam' located by 'By.xpath: id("campaign_name")[count(. | //input[@type = 'text' and @id = 'campaign_name' and @name = 'campaign_name' and @maxlength = '45']) = count(//input[@type = 'text' and @id = 'campaign_name' and @name = 'campaign_name' and @maxlength = '45'])]' not found)

2018-11-22 10:56:37 - [MESSAGE][FAILED] - Unable to set text 'Neural_Test_20181122_01_MMS' of object 'Object Repository/Campaign/input_Judul Iklan_campaign_nam' (Root cause: com.kms.katalon.core.webui.exception.WebElementNotFoundException: Web element with id: 'Object Repository/Campaign/input_Judul Iklan_campaign_nam' located by 'By.xpath: id("campaign_name")[count(. | //input[@type = 'text' and @id = 'campaign_name' and @name = 'campaign_name' and @maxlength = '45']) = count(//input[@type = 'text' and @id = 'campaign_name' and @name = 'campaign_name' and @maxlength = '45'])]' not found)
[[ATTACHMENT|C:\\Users\\NITRO 5\\Katalon Studio\\Belajar\\Reports\\Test Suite\\Campagn BC - MMS\\20181122_105515\\1542858997589.png]]]]></system-out>
         <system-err><![CDATA[2018-11-22 10:55:17 - [TEST_CASE][FAILED] - Test Cases/Campaign/Broadcast/normal - create BC-MMS: Test Cases/Campaign/Broadcast/normal - create BC-MMS FAILED because (of) (Stack trace: com.kms.katalon.core.exception.StepFailedException: Unable to set text 'Neural_Test_20181122_01_MMS' of object 'Object Repository/Campaign/input_Judul Iklan_campaign_nam' (Root cause: com.kms.katalon.core.webui.exception.WebElementNotFoundException: Web element with id: 'Object Repository/Campaign/input_Judul Iklan_campaign_nam' located by 'By.xpath: id("campaign_name")[count(. | //input[@type = 'text' and @id = 'campaign_name' and @name = 'campaign_name' and @maxlength = '45']) = count(//input[@type = 'text' and @id = 'campaign_name' and @name = 'campaign_name' and @maxlength = '45'])]' not found)
	at com.kms.katalon.core.keyword.internal.KeywordMain.stepFailed(KeywordMain.groovy:36)
	at com.kms.katalon.core.webui.keyword.internal.WebUIKeywordMain.stepFailed(WebUIKeywordMain.groovy:65)
	at com.kms.katalon.core.webui.keyword.internal.WebUIKeywordMain.runKeyword(WebUIKeywordMain.groovy:27)
	at com.kms.katalon.core.webui.keyword.builtin.SetTextKeyword.setText(SetTextKeyword.groovy:65)
	at com.kms.katalon.core.webui.keyword.builtin.SetTextKeyword.execute(SetTextKeyword.groovy:37)
	at com.kms.katalon.core.keyword.internal.KeywordExecutor.executeKeywordForPlatform(KeywordExecutor.groovy:53)
	at com.kms.katalon.core.webui.keyword.WebUiBuiltInKeywords.setText(WebUiBuiltInKeywords.groovy:950)
	at com.kms.katalon.core.webui.keyword.WebUiBuiltInKeywords$setText$2.call(Unknown Source)
	at org.codehaus.groovy.runtime.callsite.CallSiteArray.defaultCall(CallSiteArray.java:48)
	at org.codehaus.groovy.runtime.callsite.AbstractCallSite.call(AbstractCallSite.java:113)
	at org.codehaus.groovy.runtime.callsite.AbstractCallSite.call(AbstractCallSite.java:133)
	at Script1542765929680.run(Script1542765929680.groovy:46)
	at com.kms.katalon.core.main.ScriptEngine.run(ScriptEngine.java:183)
	at com.kms.katalon.core.main.ScriptEngine.runScriptAsRawText(ScriptEngine.java:108)
	at com.kms.katalon.core.main.TestCaseExecutor.runScript(TestCaseExecutor.java:294)
	at com.kms.katalon.core.main.TestCaseExecutor.doExecute(TestCaseExecutor.java:285)
	at com.kms.katalon.core.main.TestCaseExecutor.processExecutionPhase(TestCaseExecutor.java:264)
	at com.kms.katalon.core.main.TestCaseExecutor.accessMainPhase(TestCaseExecutor.java:256)
	at com.kms.katalon.core.main.TestCaseExecutor.execute(TestCaseExecutor.java:200)
	at com.kms.katalon.core.main.TestSuiteExecutor.accessTestCaseMainPhase(TestSuiteExecutor.java:129)
	at com.kms.katalon.core.main.TestSuiteExecutor.accessTestSuiteMainPhase(TestSuiteExecutor.java:112)
	at com.kms.katalon.core.main.TestSuiteExecutor.execute(TestSuiteExecutor.java:81)
	at com.kms.katalon.core.main.TestCaseMain.startTestSuite(TestCaseMain.java:142)
	at com.kms.katalon.core.main.TestCaseMain$startTestSuite$0.call(Unknown Source)
	at org.codehaus.groovy.runtime.callsite.CallSiteArray.defaultCall(CallSiteArray.java:48)
	at org.codehaus.groovy.runtime.callsite.AbstractCallSite.call(AbstractCallSite.java:113)
	at org.codehaus.groovy.runtime.callsite.AbstractCallSite.call(AbstractCallSite.java:141)
	at TempTestSuite1542858915060.run(TempTestSuite1542858915060.groovy:36)
	at groovy.lang.GroovyShell.runScriptOrMainOrTestOrRunnable(GroovyShell.java:263)
	at groovy.lang.GroovyShell.run(GroovyShell.java:518)
	at groovy.lang.GroovyShell.run(GroovyShell.java:507)
	at groovy.ui.GroovyMain.processOnce(GroovyMain.java:653)
	at groovy.ui.GroovyMain.run(GroovyMain.java:384)
	at groovy.ui.GroovyMain.process(GroovyMain.java:370)
	at groovy.ui.GroovyMain.processArgs(GroovyMain.java:129)
	at groovy.ui.GroovyMain.main(GroovyMain.java:109)
	at sun.reflect.NativeMethodAccessorImpl.invoke0(Native Method)
	at sun.reflect.NativeMethodAccessorImpl.invoke(NativeMethodAccessorImpl.java:62)
	at sun.reflect.DelegatingMethodAccessorImpl.invoke(DelegatingMethodAccessorImpl.java:43)
	at java.lang.reflect.Method.invoke(Method.java:498)
	at org.codehaus.groovy.tools.GroovyStarter.rootLoader(GroovyStarter.java:109)
	at org.codehaus.groovy.tools.GroovyStarter.main(GroovyStarter.java:131)
)]]></system-err>
      </testcase>
      <testcase name="Test Cases/Campaign/Broadcast/normal - view-BC-MMS" classname="Test Cases/Campaign/Broadcast/normal - view-BC-MMS" status="PASSED">
         <system-out><![CDATA[2018-11-22 10:56:37 - [TEST_CASE][PASSED] - Test Cases/Campaign/Broadcast/normal - view-BC-MMS: Test Cases/Campaign/Broadcast/normal - view-BC-MMS

2018-11-22 10:56:37 - [TEST_STEP][PASSED] - Statement - fileOutput = new java.io.FileWriter(D:\output-checkcampaign.txt): null

2018-11-22 10:56:37 - [TEST_STEP][PASSED] - Statement - bufferwr = new java.io.BufferedWriter(fileOutput): null

2018-11-22 10:56:37 - [TEST_STEP][PASSED] - Statement - data = com.kms.katalon.core.testdata.TestDataFactory.findTestData(excel-campaign-mms): Reading excel file with source file 'C:\Users\NITRO 5\Documents\TestDataMMS.xlsx' and sheet name 'Lembar1'

2018-11-22 10:56:37 - [TEST_STEP][PASSED] - callTestCase: Call Test Case 'Test Cases/Login/normal - login' successfully

2018-11-22 10:56:38 - [TEST_CASE][PASSED] - Test Cases/Login/normal - login: Test Cases/Login/normal - login

2018-11-22 10:56:38 - [TEST_STEP][PASSED] - openBrowser: Browser is opened with url: 'myads.telkomsel.com'

2018-11-22 10:56:38 - [MESSAGE][WARNING] - A browser is already opened. Closing browser and opening a new one

2018-11-22 10:57:31 - [MESSAGE][PASSED] - Browser is opened with url: 'myads.telkomsel.com'

2018-11-22 10:57:31 - [TEST_STEP][PASSED] - maximizeWindow: Current window maximized

2018-11-22 10:57:34 - [MESSAGE][PASSED] - Current window maximized

2018-11-22 10:57:34 - [TEST_STEP][PASSED] - click: Object: 'Object Repository/LoginPage/a_Masuk' is clicked on

2018-11-22 10:57:36 - [MESSAGE][PASSED] - Object: 'Object Repository/LoginPage/a_Masuk' is clicked on

2018-11-22 10:57:36 - [TEST_STEP][PASSED] - setText: Text 'made.bagus@neuralt.com' is set on object 'Object Repository/LoginPage/input_Alamat E-mail Anda_email'

2018-11-22 10:57:36 - [MESSAGE][PASSED] - Text 'made.bagus@neuralt.com' is set on object 'Object Repository/LoginPage/input_Alamat E-mail Anda_email'

2018-11-22 10:57:36 - [TEST_STEP][PASSED] - setText: Text 'satria28' is set on object 'Object Repository/LoginPage/input_Password_password'

2018-11-22 10:57:36 - [MESSAGE][PASSED] - Text 'satria28' is set on object 'Object Repository/LoginPage/input_Password_password'

2018-11-22 10:57:36 - [TEST_STEP][PASSED] - Statement - username = com.kms.katalon.core.webui.keyword.WebUiBuiltInKeywords.getAttribute(com.kms.katalon.core.testobject.ObjectRepository.findTestObject(LoginPage/input_Alamat E-mail Anda_email), "value"): Attribute 'value' of object 'Object Repository/LoginPage/input_Alamat E-mail Anda_email' is: 'made.bagus@neuralt.com'

2018-11-22 10:57:36 - [MESSAGE][PASSED] - Attribute 'value' of object 'Object Repository/LoginPage/input_Alamat E-mail Anda_email' is: 'made.bagus@neuralt.com'

2018-11-22 10:57:36 - [TEST_STEP][PASSED] - Statement - password = com.kms.katalon.core.webui.keyword.WebUiBuiltInKeywords.getAttribute(com.kms.katalon.core.testobject.ObjectRepository.findTestObject(LoginPage/input_Password_password), "value"): Attribute 'value' of object 'Object Repository/LoginPage/input_Password_password' is: 'satria28'

2018-11-22 10:57:36 - [MESSAGE][PASSED] - Attribute 'value' of object 'Object Repository/LoginPage/input_Password_password' is: 'satria28'

2018-11-22 10:57:36 - [TEST_STEP][PASSED] - Statement - If (username != null && password != null): Object: 'Object Repository/LoginPage/button_MASUK' is clicked on

2018-11-22 10:57:36 - [TEST_STEP][PASSED] - Statement - If (username.equals(username) && password.equals(password)): Object: 'Object Repository/LoginPage/button_MASUK' is clicked on

2018-11-22 10:57:36 - [TEST_STEP][PASSED] - Statement - println("username: " + username + " | password: " + password): null

2018-11-22 10:57:36 - [TEST_STEP][PASSED] - click: Object: 'Object Repository/LoginPage/i_Password_fa-eye' is clicked on

2018-11-22 10:57:36 - [MESSAGE][PASSED] - Object: 'Object Repository/LoginPage/i_Password_fa-eye' is clicked on

2018-11-22 10:57:36 - [TEST_STEP][PASSED] - click: Object: 'Object Repository/LoginPage/button_MASUK' is clicked on

2018-11-22 10:57:42 - [MESSAGE][PASSED] - Object: 'Object Repository/LoginPage/button_MASUK' is clicked on

2018-11-22 10:57:42 - [MESSAGE][PASSED] - Call Test Case 'Test Cases/Login/normal - login' successfully

2018-11-22 10:57:42 - [TEST_STEP][PASSED] - Statement - bufferwr.write("Login berhasil"): null

2018-11-22 10:57:42 - [TEST_STEP][PASSED] - Statement - bufferwr.newLine(): null

2018-11-22 10:57:42 - [TEST_STEP][PASSED] - Statement - bufferwr.newLine(): null

2018-11-22 10:57:42 - [TEST_STEP][PASSED] - Statement - For (def index2 : (0..(data.getRowNumbers() - 1))): Navigate to 'http://myads.telkomsel.com' successfully

2018-11-22 10:57:42 - [TEST_STEP][PASSED] - Statement - bufferwr.write("check campaign " + data.internallyGetValue("namaiklan", index2)): null

2018-11-22 10:57:42 - [TEST_STEP][PASSED] - Statement - bufferwr.newLine(): null

2018-11-22 10:57:42 - [TEST_STEP][PASSED] - mouseOver: Object: 'Object Repository/Campaign/a_Iklan' is hovered

2018-11-22 10:57:42 - [MESSAGE][PASSED] - Object: 'Object Repository/Campaign/a_Iklan' is hovered

2018-11-22 10:57:42 - [TEST_STEP][PASSED] - click: Object: 'Object Repository/Campaign/a_Daftar Iklan' is clicked on

2018-11-22 10:57:44 - [MESSAGE][PASSED] - Object: 'Object Repository/Campaign/a_Daftar Iklan' is clicked on

2018-11-22 10:57:44 - [TEST_STEP][PASSED] - Statement - status = "": null

2018-11-22 10:57:44 - [TEST_STEP][PASSED] - Statement - While (status != "STOP" || status != "REJECT" || status != "FINISH"): null

2018-11-22 10:57:44 - [TEST_STEP][PASSED] - setText: Text 'Neural_Test_20181115_03' is set on object 'Object Repository/Campaign/input_Judul Iklan_campaign_nam (1)'

2018-11-22 10:57:44 - [MESSAGE][PASSED] - Text 'Neural_Test_20181115_03' is set on object 'Object Repository/Campaign/input_Judul Iklan_campaign_nam (1)'

2018-11-22 10:57:44 - [TEST_STEP][PASSED] - sendKeys: Keys 'ENTER + ' sent to object: 'Object Repository/Campaign/input_Judul Iklan_campaign_nam (1)'

2018-11-22 10:57:45 - [MESSAGE][PASSED] - Keys 'ENTER + ' sent to object: 'Object Repository/Campaign/input_Judul Iklan_campaign_nam (1)'

2018-11-22 10:57:45 - [TEST_STEP][PASSED] - click: Object: 'Object Repository/Campaign/i_WAITING_fas fa-eye' is clicked on

2018-11-22 10:57:47 - [MESSAGE][PASSED] - Object: 'Object Repository/Campaign/i_WAITING_fas fa-eye' is clicked on

2018-11-22 10:57:47 - [TEST_STEP][PASSED] - Statement - status = com.kms.katalon.core.webui.keyword.WebUiBuiltInKeywords.getText(com.kms.katalon.core.testobject.ObjectRepository.findTestObject(Campaign/Status)): Text of object 'Object Repository/Campaign/Status' is: 'STOP'

2018-11-22 10:57:47 - [MESSAGE][PASSED] - Text of object 'Object Repository/Campaign/Status' is: 'STOP'

2018-11-22 10:57:47 - [TEST_STEP][PASSED] - Statement - If (status.equals("")): null

2018-11-22 10:57:47 - [TEST_STEP][PASSED] - Statement - Else If (status.equals("STOP") || status.equals("REJECT") || status.equals("FINISH")): null

2018-11-22 10:57:47 - [TEST_STEP][PASSED] - Statement - bufferwr.write("Status campaign " + data.internallyGetValue("namaiklan", index2) + " sudah dihentikan"): null

2018-11-22 10:57:47 - [TEST_STEP][PASSED] - Statement - bufferwr.newLine(): null

2018-11-22 10:57:47 - [TEST_STEP][PASSED] - Statement - bufferwr.newLine(): null

2018-11-22 10:57:47 - [TEST_STEP][PASSED] - Statement - Break: null

2018-11-22 10:57:47 - [TEST_STEP][PASSED] - navigateToUrl: Navigate to 'http://myads.telkomsel.com' successfully

2018-11-22 10:57:50 - [MESSAGE][PASSED] - Navigate to 'http://myads.telkomsel.com' successfully

2018-11-22 10:57:50 - [TEST_STEP][PASSED] - Statement - bufferwr.write("check campaign " + data.internallyGetValue("namaiklan", index2)): null

2018-11-22 10:57:50 - [TEST_STEP][PASSED] - Statement - bufferwr.newLine(): null

2018-11-22 10:57:50 - [TEST_STEP][PASSED] - mouseOver: Object: 'Object Repository/Campaign/a_Iklan' is hovered

2018-11-22 10:57:51 - [MESSAGE][PASSED] - Object: 'Object Repository/Campaign/a_Iklan' is hovered

2018-11-22 10:57:51 - [TEST_STEP][PASSED] - click: Object: 'Object Repository/Campaign/a_Daftar Iklan' is clicked on

2018-11-22 10:57:52 - [MESSAGE][PASSED] - Object: 'Object Repository/Campaign/a_Daftar Iklan' is clicked on

2018-11-22 10:57:52 - [TEST_STEP][PASSED] - Statement - status = "": null

2018-11-22 10:57:52 - [TEST_STEP][PASSED] - Statement - While (status != "STOP" || status != "REJECT" || status != "FINISH"): null

2018-11-22 10:57:52 - [TEST_STEP][PASSED] - setText: Text 'Neural_Test_20181115_03' is set on object 'Object Repository/Campaign/input_Judul Iklan_campaign_nam (1)'

2018-11-22 10:57:53 - [MESSAGE][PASSED] - Text 'Neural_Test_20181115_03' is set on object 'Object Repository/Campaign/input_Judul Iklan_campaign_nam (1)'

2018-11-22 10:57:53 - [TEST_STEP][PASSED] - sendKeys: Keys 'ENTER + ' sent to object: 'Object Repository/Campaign/input_Judul Iklan_campaign_nam (1)'

2018-11-22 10:57:53 - [MESSAGE][PASSED] - Keys 'ENTER + ' sent to object: 'Object Repository/Campaign/input_Judul Iklan_campaign_nam (1)'

2018-11-22 10:57:53 - [TEST_STEP][PASSED] - click: Object: 'Object Repository/Campaign/i_WAITING_fas fa-eye' is clicked on

2018-11-22 10:57:55 - [MESSAGE][PASSED] - Object: 'Object Repository/Campaign/i_WAITING_fas fa-eye' is clicked on

2018-11-22 10:57:55 - [TEST_STEP][PASSED] - Statement - status = com.kms.katalon.core.webui.keyword.WebUiBuiltInKeywords.getText(com.kms.katalon.core.testobject.ObjectRepository.findTestObject(Campaign/Status)): Text of object 'Object Repository/Campaign/Status' is: 'STOP'

2018-11-22 10:57:55 - [MESSAGE][PASSED] - Text of object 'Object Repository/Campaign/Status' is: 'STOP'

2018-11-22 10:57:55 - [TEST_STEP][PASSED] - Statement - If (status.equals("")): null

2018-11-22 10:57:55 - [TEST_STEP][PASSED] - Statement - Else If (status.equals("STOP") || status.equals("REJECT") || status.equals("FINISH")): null

2018-11-22 10:57:55 - [TEST_STEP][PASSED] - Statement - bufferwr.write("Status campaign " + data.internallyGetValue("namaiklan", index2) + " sudah dihentikan"): null

2018-11-22 10:57:55 - [TEST_STEP][PASSED] - Statement - bufferwr.newLine(): null

2018-11-22 10:57:55 - [TEST_STEP][PASSED] - Statement - bufferwr.newLine(): null

2018-11-22 10:57:55 - [TEST_STEP][PASSED] - Statement - Break: null

2018-11-22 10:57:55 - [TEST_STEP][PASSED] - navigateToUrl: Navigate to 'http://myads.telkomsel.com' successfully

2018-11-22 10:57:59 - [MESSAGE][PASSED] - Navigate to 'http://myads.telkomsel.com' successfully

2018-11-22 10:57:59 - [TEST_STEP][PASSED] - callTestCase: Call Test Case 'Test Cases/Login/logout' successfully

2018-11-22 10:57:59 - [TEST_CASE][PASSED] - Test Cases/Login/logout: Test Cases/Login/logout

2018-11-22 10:57:59 - [TEST_STEP][PASSED] - mouseOver: Object: 'Object Repository/LoginPage/a_Neural Testing' is hovered

2018-11-22 10:57:59 - [MESSAGE][PASSED] - Object: 'Object Repository/LoginPage/a_Neural Testing' is hovered

2018-11-22 10:57:59 - [TEST_STEP][PASSED] - click: Object: 'Object Repository/LoginPage/a_Logout' is clicked on

2018-11-22 10:58:02 - [MESSAGE][PASSED] - Object: 'Object Repository/LoginPage/a_Logout' is clicked on

2018-11-22 10:58:02 - [TEST_STEP][PASSED] - closeBrowser: Browser is closed

2018-11-22 10:58:03 - [MESSAGE][PASSED] - Browser is closed

2018-11-22 10:58:03 - [MESSAGE][PASSED] - Call Test Case 'Test Cases/Login/logout' successfully

2018-11-22 10:58:03 - [TEST_STEP][PASSED] - Statement - bufferwr.write("Logout berhasil"): null

2018-11-22 10:58:03 - [TEST_STEP][PASSED] - Statement - bufferwr.newLine(): null

2018-11-22 10:58:03 - [TEST_STEP][PASSED] - Statement - bufferwr.close(): null]]></system-out>
         <system-err><![CDATA[]]></system-err>
      </testcase>
      <system-out><![CDATA[2018-11-22 10:55:16 - [TEST_SUITE][FAILED] - Campagn BC - MMS: Test Cases/Campaign/Broadcast/normal - create BC-MMS FAILED because (of) (Stack trace: com.kms.katalon.core.exception.StepFailedException: Unable to set text 'Neural_Test_20181122_01_MMS' of object 'Object Repository/Campaign/input_Judul Iklan_campaign_nam' (Root cause: com.kms.katalon.core.webui.exception.WebElementNotFoundException: Web element with id: 'Object Repository/Campaign/input_Judul Iklan_campaign_nam' located by 'By.xpath: id("campaign_name")[count(. | //input[@type = 'text' and @id = 'campaign_name' and @name = 'campaign_name' and @maxlength = '45']) = count(//input[@type = 'text' and @id = 'campaign_name' and @name = 'campaign_name' and @maxlength = '45'])]' not found)
	at com.kms.katalon.core.keyword.internal.KeywordMain.stepFailed(KeywordMain.groovy:36)
	at com.kms.katalon.core.webui.keyword.internal.WebUIKeywordMain.stepFailed(WebUIKeywordMain.groovy:65)
	at com.kms.katalon.core.webui.keyword.internal.WebUIKeywordMain.runKeyword(WebUIKeywordMain.groovy:27)
	at com.kms.katalon.core.webui.keyword.builtin.SetTextKeyword.setText(SetTextKeyword.groovy:65)
	at com.kms.katalon.core.webui.keyword.builtin.SetTextKeyword.execute(SetTextKeyword.groovy:37)
	at com.kms.katalon.core.keyword.internal.KeywordExecutor.executeKeywordForPlatform(KeywordExecutor.groovy:53)
	at com.kms.katalon.core.webui.keyword.WebUiBuiltInKeywords.setText(WebUiBuiltInKeywords.groovy:950)
	at com.kms.katalon.core.webui.keyword.WebUiBuiltInKeywords$setText$2.call(Unknown Source)
	at org.codehaus.groovy.runtime.callsite.CallSiteArray.defaultCall(CallSiteArray.java:48)
	at org.codehaus.groovy.runtime.callsite.AbstractCallSite.call(AbstractCallSite.java:113)
	at org.codehaus.groovy.runtime.callsite.AbstractCallSite.call(AbstractCallSite.java:133)
	at Script1542765929680.run(Script1542765929680.groovy:46)
	at com.kms.katalon.core.main.ScriptEngine.run(ScriptEngine.java:183)
	at com.kms.katalon.core.main.ScriptEngine.runScriptAsRawText(ScriptEngine.java:108)
	at com.kms.katalon.core.main.TestCaseExecutor.runScript(TestCaseExecutor.java:294)
	at com.kms.katalon.core.main.TestCaseExecutor.doExecute(TestCaseExecutor.java:285)
	at com.kms.katalon.core.main.TestCaseExecutor.processExecutionPhase(TestCaseExecutor.java:264)
	at com.kms.katalon.core.main.TestCaseExecutor.accessMainPhase(TestCaseExecutor.java:256)
	at com.kms.katalon.core.main.TestCaseExecutor.execute(TestCaseExecutor.java:200)
	at com.kms.katalon.core.main.TestSuiteExecutor.accessTestCaseMainPhase(TestSuiteExecutor.java:129)
	at com.kms.katalon.core.main.TestSuiteExecutor.accessTestSuiteMainPhase(TestSuiteExecutor.java:112)
	at com.kms.katalon.core.main.TestSuiteExecutor.execute(TestSuiteExecutor.java:81)
	at com.kms.katalon.core.main.TestCaseMain.startTestSuite(TestCaseMain.java:142)
	at com.kms.katalon.core.main.TestCaseMain$startTestSuite$0.call(Unknown Source)
	at org.codehaus.groovy.runtime.callsite.CallSiteArray.defaultCall(CallSiteArray.java:48)
	at org.codehaus.groovy.runtime.callsite.AbstractCallSite.call(AbstractCallSite.java:113)
	at org.codehaus.groovy.runtime.callsite.AbstractCallSite.call(AbstractCallSite.java:141)
	at TempTestSuite1542858915060.run(TempTestSuite1542858915060.groovy:36)
	at groovy.lang.GroovyShell.runScriptOrMainOrTestOrRunnable(GroovyShell.java:263)
	at groovy.lang.GroovyShell.run(GroovyShell.java:518)
	at groovy.lang.GroovyShell.run(GroovyShell.java:507)
	at groovy.ui.GroovyMain.processOnce(GroovyMain.java:653)
	at groovy.ui.GroovyMain.run(GroovyMain.java:384)
	at groovy.ui.GroovyMain.process(GroovyMain.java:370)
	at groovy.ui.GroovyMain.processArgs(GroovyMain.java:129)
	at groovy.ui.GroovyMain.main(GroovyMain.java:109)
	at sun.reflect.NativeMethodAccessorImpl.invoke0(Native Method)
	at sun.reflect.NativeMethodAccessorImpl.invoke(NativeMethodAccessorImpl.java:62)
	at sun.reflect.DelegatingMethodAccessorImpl.invoke(DelegatingMethodAccessorImpl.java:43)
	at java.lang.reflect.Method.invoke(Method.java:498)
	at org.codehaus.groovy.tools.GroovyStarter.rootLoader(GroovyStarter.java:109)
	at org.codehaus.groovy.tools.GroovyStarter.main(GroovyStarter.java:131)
)]]></system-out>
      <system-err><![CDATA[2018-11-22 10:55:16 - [TEST_SUITE][FAILED] - Campagn BC - MMS: Test Cases/Campaign/Broadcast/normal - create BC-MMS FAILED because (of) (Stack trace: com.kms.katalon.core.exception.StepFailedException: Unable to set text 'Neural_Test_20181122_01_MMS' of object 'Object Repository/Campaign/input_Judul Iklan_campaign_nam' (Root cause: com.kms.katalon.core.webui.exception.WebElementNotFoundException: Web element with id: 'Object Repository/Campaign/input_Judul Iklan_campaign_nam' located by 'By.xpath: id("campaign_name")[count(. | //input[@type = 'text' and @id = 'campaign_name' and @name = 'campaign_name' and @maxlength = '45']) = count(//input[@type = 'text' and @id = 'campaign_name' and @name = 'campaign_name' and @maxlength = '45'])]' not found)
	at com.kms.katalon.core.keyword.internal.KeywordMain.stepFailed(KeywordMain.groovy:36)
	at com.kms.katalon.core.webui.keyword.internal.WebUIKeywordMain.stepFailed(WebUIKeywordMain.groovy:65)
	at com.kms.katalon.core.webui.keyword.internal.WebUIKeywordMain.runKeyword(WebUIKeywordMain.groovy:27)
	at com.kms.katalon.core.webui.keyword.builtin.SetTextKeyword.setText(SetTextKeyword.groovy:65)
	at com.kms.katalon.core.webui.keyword.builtin.SetTextKeyword.execute(SetTextKeyword.groovy:37)
	at com.kms.katalon.core.keyword.internal.KeywordExecutor.executeKeywordForPlatform(KeywordExecutor.groovy:53)
	at com.kms.katalon.core.webui.keyword.WebUiBuiltInKeywords.setText(WebUiBuiltInKeywords.groovy:950)
	at com.kms.katalon.core.webui.keyword.WebUiBuiltInKeywords$setText$2.call(Unknown Source)
	at org.codehaus.groovy.runtime.callsite.CallSiteArray.defaultCall(CallSiteArray.java:48)
	at org.codehaus.groovy.runtime.callsite.AbstractCallSite.call(AbstractCallSite.java:113)
	at org.codehaus.groovy.runtime.callsite.AbstractCallSite.call(AbstractCallSite.java:133)
	at Script1542765929680.run(Script1542765929680.groovy:46)
	at com.kms.katalon.core.main.ScriptEngine.run(ScriptEngine.java:183)
	at com.kms.katalon.core.main.ScriptEngine.runScriptAsRawText(ScriptEngine.java:108)
	at com.kms.katalon.core.main.TestCaseExecutor.runScript(TestCaseExecutor.java:294)
	at com.kms.katalon.core.main.TestCaseExecutor.doExecute(TestCaseExecutor.java:285)
	at com.kms.katalon.core.main.TestCaseExecutor.processExecutionPhase(TestCaseExecutor.java:264)
	at com.kms.katalon.core.main.TestCaseExecutor.accessMainPhase(TestCaseExecutor.java:256)
	at com.kms.katalon.core.main.TestCaseExecutor.execute(TestCaseExecutor.java:200)
	at com.kms.katalon.core.main.TestSuiteExecutor.accessTestCaseMainPhase(TestSuiteExecutor.java:129)
	at com.kms.katalon.core.main.TestSuiteExecutor.accessTestSuiteMainPhase(TestSuiteExecutor.java:112)
	at com.kms.katalon.core.main.TestSuiteExecutor.execute(TestSuiteExecutor.java:81)
	at com.kms.katalon.core.main.TestCaseMain.startTestSuite(TestCaseMain.java:142)
	at com.kms.katalon.core.main.TestCaseMain$startTestSuite$0.call(Unknown Source)
	at org.codehaus.groovy.runtime.callsite.CallSiteArray.defaultCall(CallSiteArray.java:48)
	at org.codehaus.groovy.runtime.callsite.AbstractCallSite.call(AbstractCallSite.java:113)
	at org.codehaus.groovy.runtime.callsite.AbstractCallSite.call(AbstractCallSite.java:141)
	at TempTestSuite1542858915060.run(TempTestSuite1542858915060.groovy:36)
	at groovy.lang.GroovyShell.runScriptOrMainOrTestOrRunnable(GroovyShell.java:263)
	at groovy.lang.GroovyShell.run(GroovyShell.java:518)
	at groovy.lang.GroovyShell.run(GroovyShell.java:507)
	at groovy.ui.GroovyMain.processOnce(GroovyMain.java:653)
	at groovy.ui.GroovyMain.run(GroovyMain.java:384)
	at groovy.ui.GroovyMain.process(GroovyMain.java:370)
	at groovy.ui.GroovyMain.processArgs(GroovyMain.java:129)
	at groovy.ui.GroovyMain.main(GroovyMain.java:109)
	at sun.reflect.NativeMethodAccessorImpl.invoke0(Native Method)
	at sun.reflect.NativeMethodAccessorImpl.invoke(NativeMethodAccessorImpl.java:62)
	at sun.reflect.DelegatingMethodAccessorImpl.invoke(DelegatingMethodAccessorImpl.java:43)
	at java.lang.reflect.Method.invoke(Method.java:498)
	at org.codehaus.groovy.tools.GroovyStarter.rootLoader(GroovyStarter.java:109)
	at org.codehaus.groovy.tools.GroovyStarter.main(GroovyStarter.java:131)
)]]></system-err>
   </testsuite>
</testsuites>
