<?xml version="1.0" encoding="UTF-8"?>
<testsuites name="Campaign BC" time="175" tests="1" failures="0" errors="1">
   <testsuite name="Campaign BC" tests="1" failures="0" errors="1" time="175" timestamp="2018-11-22 09:52:38" hostname="NITRO 5 - NITRO-5" id="Test Suites/Test Suite/Campaign BC">
      <properties>
         <property name="deviceName" value=""/>
         <property name="devicePlatform" value=""/>
         <property name="logFolder" value="C:\\Users\\NITRO 5\\Katalon Studio\\Belajar\\Reports\\Test Suite\\Campaign BC\\20181122_095236"/>
         <property name="logFiles" value="C:\\Users\\NITRO 5\\Katalon Studio\\Belajar\\Reports\\Test Suite\\Campaign BC\\20181122_095236\\execution0.log"/>
         <property name="attachments" value=""/>
         <property name="hostName" value="NITRO 5 - NITRO-5"/>
         <property name="os" value="Windows 10 64bit"/>
         <property name="katalonVersion" value="5.8.6.1"/>
         <property name="browser" value="Chrome 70.0.3538.102"/>
         <property name="hostAddress" value="192.168.43.120"/>
         <property name="sessionId" value="fd6e74dba9b3bd239631bae851376791"/>
         <property name="seleniumVersion" value="3.7.1"/>
         <property name="proxyInformation" value="ProxyInformation{proxyOption=NO_PROXY, proxyServerType=HTTP, password=, proxyServerAddress=, proxyServerPort=0}"/>
         <property name="platform" value="Windows 10"/>
      </properties>
      <testcase name="Test Cases/Campaign/Broadcast/normal - BC-SMS - with excel" classname="Test Cases/Campaign/Broadcast/normal - BC-SMS - with excel" status="PASSED">
         <system-out><![CDATA[2018-11-22 09:52:38 - [TEST_CASE][PASSED] - Test Cases/Campaign/Broadcast/normal - BC-SMS - with excel: Test Cases/Campaign/Broadcast/normal - BC-SMS - with excel

2018-11-22 09:52:40 - [TEST_STEP][PASSED] - Statement - fileOutput = new java.io.FileWriter(D:\output-createcampaign.txt): null

2018-11-22 09:52:40 - [TEST_STEP][PASSED] - Statement - bufferwr = new java.io.BufferedWriter(fileOutput): null

2018-11-22 09:52:40 - [TEST_STEP][PASSED] - Statement - data = com.kms.katalon.core.testdata.TestDataFactory.findTestData(excel-campaign): Reading excel file with source file 'C:\Users\NITRO 5\Documents\TestDataIseng.xlsx' and sheet name 'Lembar1'

2018-11-22 09:52:40 - [TEST_STEP][PASSED] - callTestCase: Call Test Case 'Test Cases/Login/normal - login' successfully

2018-11-22 09:52:40 - [TEST_CASE][PASSED] - Test Cases/Login/normal - login: Test Cases/Login/normal - login

2018-11-22 09:52:40 - [TEST_STEP][PASSED] - openBrowser: Browser is opened with url: 'myads.telkomsel.com'

2018-11-22 09:53:01 - [MESSAGE][PASSED] - Browser is opened with url: 'myads.telkomsel.com'

2018-11-22 09:53:01 - [TEST_STEP][PASSED] - maximizeWindow: Current window maximized

2018-11-22 09:53:02 - [MESSAGE][PASSED] - Current window maximized

2018-11-22 09:53:02 - [TEST_STEP][PASSED] - click: Object: 'Object Repository/LoginPage/a_Masuk' is clicked on

2018-11-22 09:53:03 - [MESSAGE][PASSED] - Object: 'Object Repository/LoginPage/a_Masuk' is clicked on

2018-11-22 09:53:03 - [TEST_STEP][PASSED] - setText: Text 'made.bagus@neuralt.com' is set on object 'Object Repository/LoginPage/input_Alamat E-mail Anda_email'

2018-11-22 09:53:04 - [MESSAGE][PASSED] - Text 'made.bagus@neuralt.com' is set on object 'Object Repository/LoginPage/input_Alamat E-mail Anda_email'

2018-11-22 09:53:04 - [TEST_STEP][PASSED] - setText: Text 'satria28' is set on object 'Object Repository/LoginPage/input_Password_password'

2018-11-22 09:53:04 - [MESSAGE][PASSED] - Text 'satria28' is set on object 'Object Repository/LoginPage/input_Password_password'

2018-11-22 09:53:04 - [TEST_STEP][PASSED] - Statement - username = com.kms.katalon.core.webui.keyword.WebUiBuiltInKeywords.getAttribute(com.kms.katalon.core.testobject.ObjectRepository.findTestObject(LoginPage/input_Alamat E-mail Anda_email), "value"): Attribute 'value' of object 'Object Repository/LoginPage/input_Alamat E-mail Anda_email' is: 'made.bagus@neuralt.com'

2018-11-22 09:53:04 - [MESSAGE][PASSED] - Attribute 'value' of object 'Object Repository/LoginPage/input_Alamat E-mail Anda_email' is: 'made.bagus@neuralt.com'

2018-11-22 09:53:04 - [TEST_STEP][PASSED] - Statement - password = com.kms.katalon.core.webui.keyword.WebUiBuiltInKeywords.getAttribute(com.kms.katalon.core.testobject.ObjectRepository.findTestObject(LoginPage/input_Password_password), "value"): Attribute 'value' of object 'Object Repository/LoginPage/input_Password_password' is: 'satria28'

2018-11-22 09:53:04 - [MESSAGE][PASSED] - Attribute 'value' of object 'Object Repository/LoginPage/input_Password_password' is: 'satria28'

2018-11-22 09:53:04 - [TEST_STEP][PASSED] - Statement - If (username != null && password != null): Object: 'Object Repository/LoginPage/button_MASUK' is clicked on

2018-11-22 09:53:04 - [TEST_STEP][PASSED] - Statement - If (username.equals(username) && password.equals(password)): Object: 'Object Repository/LoginPage/button_MASUK' is clicked on

2018-11-22 09:53:04 - [TEST_STEP][PASSED] - Statement - println("username: " + username + " | password: " + password): null

2018-11-22 09:53:04 - [TEST_STEP][PASSED] - click: Object: 'Object Repository/LoginPage/i_Password_fa-eye' is clicked on

2018-11-22 09:53:04 - [MESSAGE][PASSED] - Object: 'Object Repository/LoginPage/i_Password_fa-eye' is clicked on

2018-11-22 09:53:04 - [TEST_STEP][PASSED] - click: Object: 'Object Repository/LoginPage/button_MASUK' is clicked on

2018-11-22 09:53:11 - [MESSAGE][PASSED] - Object: 'Object Repository/LoginPage/button_MASUK' is clicked on

2018-11-22 09:53:11 - [MESSAGE][PASSED] - Call Test Case 'Test Cases/Login/normal - login' successfully

2018-11-22 09:53:11 - [TEST_STEP][PASSED] - Statement - bufferwr.write("Login berhasil"): null

2018-11-22 09:53:11 - [TEST_STEP][PASSED] - Statement - bufferwr.newLine(): null

2018-11-22 09:53:11 - [TEST_STEP][PASSED] - Statement - For (def index2 : (0..(data.getRowNumbers() - 1))): null

2018-11-22 09:53:11 - [TEST_STEP][PASSED] - Statement - bufferwr.write("create campaign " + data.internallyGetValue("namaiklan", index2)): null

2018-11-22 09:53:11 - [TEST_STEP][PASSED] - Statement - bufferwr.newLine(): null

2018-11-22 09:53:11 - [TEST_STEP][PASSED] - click: Object: 'Object Repository/Campaign/a_Buat Iklan' is clicked on

2018-11-22 09:53:14 - [MESSAGE][PASSED] - Object: 'Object Repository/Campaign/a_Buat Iklan' is clicked on

2018-11-22 09:53:14 - [TEST_STEP][PASSED] - delay: Delayed 1 second(s)

2018-11-22 09:53:15 - [MESSAGE][PASSED] - Delayed 1 second(s)

2018-11-22 09:53:15 - [TEST_STEP][PASSED] - click: Object: 'Object Repository/Campaign/div_Broadcast' is clicked on

2018-11-22 09:53:15 - [MESSAGE][PASSED] - Object: 'Object Repository/Campaign/div_Broadcast' is clicked on

2018-11-22 09:53:15 - [TEST_STEP][PASSED] - delay: Delayed 1 second(s)

2018-11-22 09:53:16 - [MESSAGE][PASSED] - Delayed 1 second(s)

2018-11-22 09:53:16 - [TEST_STEP][PASSED] - click: Object: 'Object Repository/Campaign/div_SMS' is clicked on

2018-11-22 09:53:20 - [MESSAGE][PASSED] - Object: 'Object Repository/Campaign/div_SMS' is clicked on

2018-11-22 09:53:20 - [TEST_STEP][PASSED] - comment: Step 1

2018-11-22 09:53:20 - [TEST_STEP][PASSED] - setText: Text 'Neural_Test_20181121_01' is set on object 'Object Repository/Campaign/input_Judul Iklan_campaign_nam'

2018-11-22 09:53:20 - [MESSAGE][PASSED] - Text 'Neural_Test_20181121_01' is set on object 'Object Repository/Campaign/input_Judul Iklan_campaign_nam'

2018-11-22 09:53:20 - [TEST_STEP][PASSED] - selectOptionByLabel: All options with label 'TESTING2' are selected in object 'Object Repository/Campaign/select_Pilih nama pengirim' 

2018-11-22 09:53:21 - [MESSAGE][PASSED] - All options with label 'TESTING2' are selected in object 'Object Repository/Campaign/select_Pilih nama pengirim' 

2018-11-22 09:53:21 - [TEST_STEP][PASSED] - delay: Delayed 2 second(s)

2018-11-22 09:53:23 - [MESSAGE][PASSED] - Delayed 2 second(s)

2018-11-22 09:53:23 - [TEST_STEP][PASSED] - selectOptionByLabel: All options with label '(2018-09-19 11:02:09) msisdn_testing - Copy.txt' are selected in object 'Object Repository/Campaign/select_Pilih grup penerima' 

2018-11-22 09:53:23 - [MESSAGE][PASSED] - All options with label '(2018-09-19 11:02:09) msisdn_testing - Copy.txt' are selected in object 'Object Repository/Campaign/select_Pilih grup penerima' 

2018-11-22 09:53:23 - [TEST_STEP][PASSED] - setText: Text '081246996954' is set on object 'Object Repository/Campaign/input_No Tes (MSISDN)_control_'

2018-11-22 09:53:23 - [MESSAGE][PASSED] - Text '081246996954' is set on object 'Object Repository/Campaign/input_No Tes (MSISDN)_control_'

2018-11-22 09:53:23 - [TEST_STEP][PASSED] - setText: Text 'Testing SMS mohon abaikan' is set on object 'Object Repository/Campaign/textarea_disini_message'

2018-11-22 09:53:23 - [MESSAGE][PASSED] - Text 'Testing SMS mohon abaikan' is set on object 'Object Repository/Campaign/textarea_disini_message'

2018-11-22 09:53:23 - [TEST_STEP][PASSED] - scrollToElement: Scroll to object 'Object Repository/Campaign/button_Atur Pengiriman' successfully

2018-11-22 09:53:23 - [MESSAGE][PASSED] - Scroll to object 'Object Repository/Campaign/button_Atur Pengiriman' successfully

2018-11-22 09:53:23 - [TEST_STEP][PASSED] - click: Object: 'Object Repository/Campaign/button_Atur Pengiriman' is clicked on

2018-11-22 09:53:26 - [MESSAGE][PASSED] - Object: 'Object Repository/Campaign/button_Atur Pengiriman' is clicked on

2018-11-22 09:53:26 - [TEST_STEP][PASSED] - comment: Step 2

2018-11-22 09:53:26 - [TEST_STEP][PASSED] - focus: Object: 'Object Repository/Campaign/input_Jam Akhir_starttime' is focused

2018-11-22 09:53:27 - [MESSAGE][PASSED] - Object: 'Object Repository/Campaign/input_Jam Akhir_starttime' is focused

2018-11-22 09:53:27 - [TEST_STEP][PASSED] - Statement - For (def index : (0..3)): Object: 'Object Repository/Campaign/span_Jam Akhir_fa fa-arrow-up' is clicked on

2018-11-22 09:53:27 - [TEST_STEP][PASSED] - click: Object: 'Object Repository/Campaign/span_Jam Akhir_fa fa-arrow-up' is clicked on

2018-11-22 09:53:27 - [MESSAGE][PASSED] - Object: 'Object Repository/Campaign/span_Jam Akhir_fa fa-arrow-up' is clicked on

2018-11-22 09:53:27 - [TEST_STEP][PASSED] - click: Object: 'Object Repository/Campaign/span_Jam Akhir_fa fa-arrow-up' is clicked on

2018-11-22 09:53:27 - [MESSAGE][PASSED] - Object: 'Object Repository/Campaign/span_Jam Akhir_fa fa-arrow-up' is clicked on

2018-11-22 09:53:27 - [TEST_STEP][PASSED] - click: Object: 'Object Repository/Campaign/span_Jam Akhir_fa fa-arrow-up' is clicked on

2018-11-22 09:53:27 - [MESSAGE][PASSED] - Object: 'Object Repository/Campaign/span_Jam Akhir_fa fa-arrow-up' is clicked on

2018-11-22 09:53:27 - [TEST_STEP][PASSED] - click: Object: 'Object Repository/Campaign/span_Jam Akhir_fa fa-arrow-up' is clicked on

2018-11-22 09:53:27 - [MESSAGE][PASSED] - Object: 'Object Repository/Campaign/span_Jam Akhir_fa fa-arrow-up' is clicked on

2018-11-22 09:53:27 - [TEST_STEP][PASSED] - delay: Delayed 1 second(s)

2018-11-22 09:53:28 - [MESSAGE][PASSED] - Delayed 1 second(s)

2018-11-22 09:53:28 - [TEST_STEP][PASSED] - click: Object: 'Object Repository/Campaign/input_Top Up_agreement' is clicked on

2018-11-22 09:53:28 - [MESSAGE][PASSED] - Object: 'Object Repository/Campaign/input_Top Up_agreement' is clicked on

2018-11-22 09:53:28 - [TEST_STEP][PASSED] - delay: Delayed 5 second(s)

2018-11-22 09:53:33 - [MESSAGE][PASSED] - Delayed 5 second(s)

2018-11-22 09:53:33 - [TEST_STEP][PASSED] - scrollToElement: Scroll to object 'Object Repository/Campaign/button_Selesai - Minta Persetu' successfully

2018-11-22 09:53:33 - [MESSAGE][PASSED] - Scroll to object 'Object Repository/Campaign/button_Selesai - Minta Persetu' successfully

2018-11-22 09:53:33 - [TEST_STEP][PASSED] - click: Object: 'Object Repository/Campaign/button_Selesai - Minta Persetu' is clicked on

2018-11-22 09:53:33 - [MESSAGE][PASSED] - Object: 'Object Repository/Campaign/button_Selesai - Minta Persetu' is clicked on

2018-11-22 09:53:33 - [TEST_STEP][PASSED] - comment: Step 3

2018-11-22 09:53:33 - [TEST_STEP][PASSED] - delay: Delayed 2 second(s)

2018-11-22 09:53:35 - [MESSAGE][PASSED] - Delayed 2 second(s)

2018-11-22 09:53:35 - [TEST_STEP][PASSED] - comment: Ini dipake karena object bersifat dinamis, jadi perlu di define manual agar walau value dinamis, aksi dapat dilakukan

2018-11-22 09:53:35 - [TEST_STEP][PASSED] - Statement - dynamicId3 = "sla_yes": null

2018-11-22 09:53:35 - [TEST_STEP][PASSED] - Statement - xpath = "//button[@id="" + dynamicId3 + ""]": null

2018-11-22 09:53:35 - [TEST_STEP][PASSED] - Statement - SudahYakin = new com.kms.katalon.core.testobject.TestObject(newObject): null

2018-11-22 09:53:35 - [TEST_STEP][PASSED] - Statement - SudahYakin.addProperty("xpath", EQUALS, xpath): null

2018-11-22 09:53:35 - [TEST_STEP][PASSED] - click: Object: 'newObject' is clicked on

2018-11-22 09:53:39 - [MESSAGE][PASSED] - Object: 'newObject' is clicked on

2018-11-22 09:53:39 - [TEST_STEP][PASSED] - removeObjectProperty: Remove property of object successfully

2018-11-22 09:53:39 - [MESSAGE][PASSED] - Remove property of object successfully

2018-11-22 09:53:39 - [TEST_STEP][PASSED] - navigateToUrl: Navigate to 'http://myads.telkomsel.com' successfully

2018-11-22 09:53:42 - [MESSAGE][PASSED] - Navigate to 'http://myads.telkomsel.com' successfully

2018-11-22 09:53:42 - [TEST_STEP][PASSED] - Statement - bufferwr.write("campaign " + data.internallyGetValue("namaiklan", index2) + " berhasil dibuat"): null

2018-11-22 09:53:42 - [TEST_STEP][PASSED] - Statement - bufferwr.newLine(): null

2018-11-22 09:53:42 - [TEST_STEP][PASSED] - Statement - bufferwr.newLine(): null

2018-11-22 09:53:42 - [TEST_STEP][PASSED] - Statement - bufferwr.write("create campaign " + data.internallyGetValue("namaiklan", index2)): null

2018-11-22 09:53:42 - [TEST_STEP][PASSED] - Statement - bufferwr.newLine(): null

2018-11-22 09:53:42 - [TEST_STEP][PASSED] - click: Object: 'Object Repository/Campaign/a_Buat Iklan' is clicked on

2018-11-22 09:53:45 - [MESSAGE][PASSED] - Object: 'Object Repository/Campaign/a_Buat Iklan' is clicked on

2018-11-22 09:53:45 - [TEST_STEP][PASSED] - delay: Delayed 1 second(s)

2018-11-22 09:53:46 - [MESSAGE][PASSED] - Delayed 1 second(s)

2018-11-22 09:53:46 - [TEST_STEP][PASSED] - click: Object: 'Object Repository/Campaign/div_Broadcast' is clicked on

2018-11-22 09:53:46 - [MESSAGE][PASSED] - Object: 'Object Repository/Campaign/div_Broadcast' is clicked on

2018-11-22 09:53:46 - [TEST_STEP][PASSED] - delay: Delayed 1 second(s)

2018-11-22 09:53:47 - [MESSAGE][PASSED] - Delayed 1 second(s)

2018-11-22 09:53:47 - [TEST_STEP][PASSED] - click: Object: 'Object Repository/Campaign/div_SMS' is clicked on

2018-11-22 09:53:49 - [MESSAGE][PASSED] - Object: 'Object Repository/Campaign/div_SMS' is clicked on

2018-11-22 09:53:49 - [TEST_STEP][PASSED] - comment: Step 1

2018-11-22 09:53:49 - [TEST_STEP][PASSED] - setText: Text 'Neural_Test_20181121_02' is set on object 'Object Repository/Campaign/input_Judul Iklan_campaign_nam'

2018-11-22 09:53:49 - [MESSAGE][PASSED] - Text 'Neural_Test_20181121_02' is set on object 'Object Repository/Campaign/input_Judul Iklan_campaign_nam'

2018-11-22 09:53:49 - [TEST_STEP][PASSED] - selectOptionByLabel: All options with label 'TESTING2' are selected in object 'Object Repository/Campaign/select_Pilih nama pengirim' 

2018-11-22 09:53:50 - [MESSAGE][PASSED] - All options with label 'TESTING2' are selected in object 'Object Repository/Campaign/select_Pilih nama pengirim' 

2018-11-22 09:53:50 - [TEST_STEP][PASSED] - delay: Delayed 2 second(s)

2018-11-22 09:53:52 - [MESSAGE][PASSED] - Delayed 2 second(s)

2018-11-22 09:53:52 - [TEST_STEP][PASSED] - selectOptionByLabel: All options with label '(2018-09-19 11:02:09) msisdn_testing - Copy.txt' are selected in object 'Object Repository/Campaign/select_Pilih grup penerima' 

2018-11-22 09:53:52 - [MESSAGE][PASSED] - All options with label '(2018-09-19 11:02:09) msisdn_testing - Copy.txt' are selected in object 'Object Repository/Campaign/select_Pilih grup penerima' 

2018-11-22 09:53:52 - [TEST_STEP][PASSED] - setText: Text '081246996954' is set on object 'Object Repository/Campaign/input_No Tes (MSISDN)_control_'

2018-11-22 09:53:52 - [MESSAGE][PASSED] - Text '081246996954' is set on object 'Object Repository/Campaign/input_No Tes (MSISDN)_control_'

2018-11-22 09:53:52 - [TEST_STEP][PASSED] - setText: Text 'Testing SMS mohon abaikan' is set on object 'Object Repository/Campaign/textarea_disini_message'

2018-11-22 09:53:52 - [MESSAGE][PASSED] - Text 'Testing SMS mohon abaikan' is set on object 'Object Repository/Campaign/textarea_disini_message'

2018-11-22 09:53:52 - [TEST_STEP][PASSED] - scrollToElement: Scroll to object 'Object Repository/Campaign/button_Atur Pengiriman' successfully

2018-11-22 09:53:52 - [MESSAGE][PASSED] - Scroll to object 'Object Repository/Campaign/button_Atur Pengiriman' successfully

2018-11-22 09:53:52 - [TEST_STEP][PASSED] - click: Object: 'Object Repository/Campaign/button_Atur Pengiriman' is clicked on

2018-11-22 09:53:57 - [MESSAGE][PASSED] - Object: 'Object Repository/Campaign/button_Atur Pengiriman' is clicked on

2018-11-22 09:53:57 - [TEST_STEP][PASSED] - comment: Step 2

2018-11-22 09:53:57 - [TEST_STEP][PASSED] - focus: Object: 'Object Repository/Campaign/input_Jam Akhir_starttime' is focused

2018-11-22 09:53:57 - [MESSAGE][PASSED] - Object: 'Object Repository/Campaign/input_Jam Akhir_starttime' is focused

2018-11-22 09:53:57 - [TEST_STEP][PASSED] - Statement - For (def index : (0..3)): Object: 'Object Repository/Campaign/span_Jam Akhir_fa fa-arrow-up' is clicked on

2018-11-22 09:53:57 - [TEST_STEP][PASSED] - click: Object: 'Object Repository/Campaign/span_Jam Akhir_fa fa-arrow-up' is clicked on

2018-11-22 09:53:57 - [MESSAGE][PASSED] - Object: 'Object Repository/Campaign/span_Jam Akhir_fa fa-arrow-up' is clicked on

2018-11-22 09:53:57 - [TEST_STEP][PASSED] - click: Object: 'Object Repository/Campaign/span_Jam Akhir_fa fa-arrow-up' is clicked on

2018-11-22 09:53:57 - [MESSAGE][PASSED] - Object: 'Object Repository/Campaign/span_Jam Akhir_fa fa-arrow-up' is clicked on

2018-11-22 09:53:57 - [TEST_STEP][PASSED] - click: Object: 'Object Repository/Campaign/span_Jam Akhir_fa fa-arrow-up' is clicked on

2018-11-22 09:53:57 - [MESSAGE][PASSED] - Object: 'Object Repository/Campaign/span_Jam Akhir_fa fa-arrow-up' is clicked on

2018-11-22 09:53:57 - [TEST_STEP][PASSED] - click: Object: 'Object Repository/Campaign/span_Jam Akhir_fa fa-arrow-up' is clicked on

2018-11-22 09:53:57 - [MESSAGE][PASSED] - Object: 'Object Repository/Campaign/span_Jam Akhir_fa fa-arrow-up' is clicked on

2018-11-22 09:53:57 - [TEST_STEP][PASSED] - delay: Delayed 1 second(s)

2018-11-22 09:53:58 - [MESSAGE][PASSED] - Delayed 1 second(s)

2018-11-22 09:53:58 - [TEST_STEP][PASSED] - click: Object: 'Object Repository/Campaign/input_Top Up_agreement' is clicked on

2018-11-22 09:53:59 - [MESSAGE][PASSED] - Object: 'Object Repository/Campaign/input_Top Up_agreement' is clicked on

2018-11-22 09:53:59 - [TEST_STEP][PASSED] - delay: Delayed 5 second(s)

2018-11-22 09:54:04 - [MESSAGE][PASSED] - Delayed 5 second(s)

2018-11-22 09:54:04 - [TEST_STEP][PASSED] - scrollToElement: Scroll to object 'Object Repository/Campaign/button_Selesai - Minta Persetu' successfully

2018-11-22 09:54:04 - [MESSAGE][PASSED] - Scroll to object 'Object Repository/Campaign/button_Selesai - Minta Persetu' successfully

2018-11-22 09:54:04 - [TEST_STEP][PASSED] - click: Object: 'Object Repository/Campaign/button_Selesai - Minta Persetu' is clicked on

2018-11-22 09:54:04 - [MESSAGE][PASSED] - Object: 'Object Repository/Campaign/button_Selesai - Minta Persetu' is clicked on

2018-11-22 09:54:04 - [TEST_STEP][PASSED] - comment: Step 3

2018-11-22 09:54:04 - [TEST_STEP][PASSED] - delay: Delayed 2 second(s)

2018-11-22 09:54:06 - [MESSAGE][PASSED] - Delayed 2 second(s)

2018-11-22 09:54:06 - [TEST_STEP][PASSED] - comment: Ini dipake karena object bersifat dinamis, jadi perlu di define manual agar walau value dinamis, aksi dapat dilakukan

2018-11-22 09:54:06 - [TEST_STEP][PASSED] - Statement - dynamicId3 = "sla_yes": null

2018-11-22 09:54:06 - [TEST_STEP][PASSED] - Statement - xpath = "//button[@id="" + dynamicId3 + ""]": null

2018-11-22 09:54:06 - [TEST_STEP][PASSED] - Statement - SudahYakin = new com.kms.katalon.core.testobject.TestObject(newObject): null

2018-11-22 09:54:06 - [TEST_STEP][PASSED] - Statement - SudahYakin.addProperty("xpath", EQUALS, xpath): null

2018-11-22 09:54:06 - [TEST_STEP][PASSED] - click: Object: 'newObject' is clicked on

2018-11-22 09:54:10 - [MESSAGE][PASSED] - Object: 'newObject' is clicked on

2018-11-22 09:54:10 - [TEST_STEP][PASSED] - removeObjectProperty: Remove property of object successfully

2018-11-22 09:54:10 - [MESSAGE][PASSED] - Remove property of object successfully

2018-11-22 09:54:10 - [TEST_STEP][PASSED] - navigateToUrl: Navigate to 'http://myads.telkomsel.com' successfully

2018-11-22 09:54:14 - [MESSAGE][PASSED] - Navigate to 'http://myads.telkomsel.com' successfully

2018-11-22 09:54:14 - [TEST_STEP][PASSED] - Statement - bufferwr.write("campaign " + data.internallyGetValue("namaiklan", index2) + " berhasil dibuat"): null

2018-11-22 09:54:14 - [TEST_STEP][PASSED] - Statement - bufferwr.newLine(): null

2018-11-22 09:54:14 - [TEST_STEP][PASSED] - Statement - bufferwr.newLine(): null

2018-11-22 09:54:14 - [TEST_STEP][PASSED] - Statement - bufferwr.write("create campaign " + data.internallyGetValue("namaiklan", index2)): null

2018-11-22 09:54:14 - [TEST_STEP][PASSED] - Statement - bufferwr.newLine(): null

2018-11-22 09:54:14 - [TEST_STEP][PASSED] - click: Object: 'Object Repository/Campaign/a_Buat Iklan' is clicked on

2018-11-22 09:54:17 - [MESSAGE][PASSED] - Object: 'Object Repository/Campaign/a_Buat Iklan' is clicked on

2018-11-22 09:54:17 - [TEST_STEP][PASSED] - delay: Delayed 1 second(s)

2018-11-22 09:54:18 - [MESSAGE][PASSED] - Delayed 1 second(s)

2018-11-22 09:54:18 - [TEST_STEP][PASSED] - click: Object: 'Object Repository/Campaign/div_Broadcast' is clicked on

2018-11-22 09:54:18 - [MESSAGE][PASSED] - Object: 'Object Repository/Campaign/div_Broadcast' is clicked on

2018-11-22 09:54:18 - [TEST_STEP][PASSED] - delay: Delayed 1 second(s)

2018-11-22 09:54:19 - [MESSAGE][PASSED] - Delayed 1 second(s)

2018-11-22 09:54:19 - [TEST_STEP][PASSED] - click: Object: 'Object Repository/Campaign/div_SMS' is clicked on

2018-11-22 09:54:21 - [MESSAGE][PASSED] - Object: 'Object Repository/Campaign/div_SMS' is clicked on

2018-11-22 09:54:21 - [TEST_STEP][PASSED] - comment: Step 1

2018-11-22 09:54:21 - [TEST_STEP][PASSED] - setText: Text 'Neural_Test_20181121_03' is set on object 'Object Repository/Campaign/input_Judul Iklan_campaign_nam'

2018-11-22 09:54:21 - [MESSAGE][PASSED] - Text 'Neural_Test_20181121_03' is set on object 'Object Repository/Campaign/input_Judul Iklan_campaign_nam'

2018-11-22 09:54:21 - [TEST_STEP][PASSED] - selectOptionByLabel: All options with label 'TESTING2' are selected in object 'Object Repository/Campaign/select_Pilih nama pengirim' 

2018-11-22 09:54:22 - [MESSAGE][PASSED] - All options with label 'TESTING2' are selected in object 'Object Repository/Campaign/select_Pilih nama pengirim' 

2018-11-22 09:54:22 - [TEST_STEP][PASSED] - delay: Delayed 2 second(s)

2018-11-22 09:54:24 - [MESSAGE][PASSED] - Delayed 2 second(s)

2018-11-22 09:54:24 - [TEST_STEP][PASSED] - selectOptionByLabel: All options with label '(2018-09-19 11:02:09) msisdn_testing - Copy.txt' are selected in object 'Object Repository/Campaign/select_Pilih grup penerima' 

2018-11-22 09:54:24 - [MESSAGE][PASSED] - All options with label '(2018-09-19 11:02:09) msisdn_testing - Copy.txt' are selected in object 'Object Repository/Campaign/select_Pilih grup penerima' 

2018-11-22 09:54:24 - [TEST_STEP][PASSED] - setText: Text '081246996954' is set on object 'Object Repository/Campaign/input_No Tes (MSISDN)_control_'

2018-11-22 09:54:24 - [MESSAGE][PASSED] - Text '081246996954' is set on object 'Object Repository/Campaign/input_No Tes (MSISDN)_control_'

2018-11-22 09:54:24 - [TEST_STEP][PASSED] - setText: Text 'Testing SMS mohon abaikan' is set on object 'Object Repository/Campaign/textarea_disini_message'

2018-11-22 09:54:24 - [MESSAGE][PASSED] - Text 'Testing SMS mohon abaikan' is set on object 'Object Repository/Campaign/textarea_disini_message'

2018-11-22 09:54:24 - [TEST_STEP][PASSED] - scrollToElement: Scroll to object 'Object Repository/Campaign/button_Atur Pengiriman' successfully

2018-11-22 09:54:24 - [MESSAGE][PASSED] - Scroll to object 'Object Repository/Campaign/button_Atur Pengiriman' successfully

2018-11-22 09:54:24 - [TEST_STEP][PASSED] - click: Object: 'Object Repository/Campaign/button_Atur Pengiriman' is clicked on

2018-11-22 09:54:28 - [MESSAGE][PASSED] - Object: 'Object Repository/Campaign/button_Atur Pengiriman' is clicked on

2018-11-22 09:54:28 - [TEST_STEP][PASSED] - comment: Step 2

2018-11-22 09:54:28 - [TEST_STEP][PASSED] - focus: Object: 'Object Repository/Campaign/input_Jam Akhir_starttime' is focused

2018-11-22 09:54:28 - [MESSAGE][PASSED] - Object: 'Object Repository/Campaign/input_Jam Akhir_starttime' is focused

2018-11-22 09:54:28 - [TEST_STEP][PASSED] - Statement - For (def index : (0..3)): Object: 'Object Repository/Campaign/span_Jam Akhir_fa fa-arrow-up' is clicked on

2018-11-22 09:54:28 - [TEST_STEP][PASSED] - click: Object: 'Object Repository/Campaign/span_Jam Akhir_fa fa-arrow-up' is clicked on

2018-11-22 09:54:28 - [MESSAGE][PASSED] - Object: 'Object Repository/Campaign/span_Jam Akhir_fa fa-arrow-up' is clicked on

2018-11-22 09:54:28 - [TEST_STEP][PASSED] - click: Object: 'Object Repository/Campaign/span_Jam Akhir_fa fa-arrow-up' is clicked on

2018-11-22 09:54:28 - [MESSAGE][PASSED] - Object: 'Object Repository/Campaign/span_Jam Akhir_fa fa-arrow-up' is clicked on

2018-11-22 09:54:28 - [TEST_STEP][PASSED] - click: Object: 'Object Repository/Campaign/span_Jam Akhir_fa fa-arrow-up' is clicked on

2018-11-22 09:54:29 - [MESSAGE][PASSED] - Object: 'Object Repository/Campaign/span_Jam Akhir_fa fa-arrow-up' is clicked on

2018-11-22 09:54:29 - [TEST_STEP][PASSED] - click: Object: 'Object Repository/Campaign/span_Jam Akhir_fa fa-arrow-up' is clicked on

2018-11-22 09:54:29 - [MESSAGE][PASSED] - Object: 'Object Repository/Campaign/span_Jam Akhir_fa fa-arrow-up' is clicked on

2018-11-22 09:54:29 - [TEST_STEP][PASSED] - delay: Delayed 1 second(s)

2018-11-22 09:54:30 - [MESSAGE][PASSED] - Delayed 1 second(s)

2018-11-22 09:54:30 - [TEST_STEP][PASSED] - click: Object: 'Object Repository/Campaign/input_Top Up_agreement' is clicked on

2018-11-22 09:54:30 - [MESSAGE][PASSED] - Object: 'Object Repository/Campaign/input_Top Up_agreement' is clicked on

2018-11-22 09:54:30 - [TEST_STEP][PASSED] - delay: Delayed 5 second(s)

2018-11-22 09:54:35 - [MESSAGE][PASSED] - Delayed 5 second(s)

2018-11-22 09:54:35 - [TEST_STEP][PASSED] - scrollToElement: Scroll to object 'Object Repository/Campaign/button_Selesai - Minta Persetu' successfully

2018-11-22 09:54:35 - [MESSAGE][PASSED] - Scroll to object 'Object Repository/Campaign/button_Selesai - Minta Persetu' successfully

2018-11-22 09:54:35 - [TEST_STEP][PASSED] - click: Object: 'Object Repository/Campaign/button_Selesai - Minta Persetu' is clicked on

2018-11-22 09:54:35 - [MESSAGE][PASSED] - Object: 'Object Repository/Campaign/button_Selesai - Minta Persetu' is clicked on

2018-11-22 09:54:35 - [TEST_STEP][PASSED] - comment: Step 3

2018-11-22 09:54:35 - [TEST_STEP][PASSED] - delay: Delayed 2 second(s)

2018-11-22 09:54:37 - [MESSAGE][PASSED] - Delayed 2 second(s)

2018-11-22 09:54:37 - [TEST_STEP][PASSED] - comment: Ini dipake karena object bersifat dinamis, jadi perlu di define manual agar walau value dinamis, aksi dapat dilakukan

2018-11-22 09:54:37 - [TEST_STEP][PASSED] - Statement - dynamicId3 = "sla_yes": null

2018-11-22 09:54:37 - [TEST_STEP][PASSED] - Statement - xpath = "//button[@id="" + dynamicId3 + ""]": null

2018-11-22 09:54:37 - [TEST_STEP][PASSED] - Statement - SudahYakin = new com.kms.katalon.core.testobject.TestObject(newObject): null

2018-11-22 09:54:37 - [TEST_STEP][PASSED] - Statement - SudahYakin.addProperty("xpath", EQUALS, xpath): null

2018-11-22 09:54:37 - [TEST_STEP][PASSED] - click: Object: 'newObject' is clicked on

2018-11-22 09:54:40 - [MESSAGE][PASSED] - Object: 'newObject' is clicked on

2018-11-22 09:54:40 - [TEST_STEP][PASSED] - removeObjectProperty: Remove property of object successfully

2018-11-22 09:54:40 - [MESSAGE][PASSED] - Remove property of object successfully

2018-11-22 09:54:40 - [TEST_STEP][PASSED] - navigateToUrl: Navigate to 'http://myads.telkomsel.com' successfully

2018-11-22 09:54:45 - [MESSAGE][PASSED] - Navigate to 'http://myads.telkomsel.com' successfully

2018-11-22 09:54:45 - [TEST_STEP][PASSED] - Statement - bufferwr.write("campaign " + data.internallyGetValue("namaiklan", index2) + " berhasil dibuat"): null

2018-11-22 09:54:45 - [TEST_STEP][PASSED] - Statement - bufferwr.newLine(): null

2018-11-22 09:54:45 - [TEST_STEP][PASSED] - Statement - bufferwr.newLine(): null

2018-11-22 09:54:45 - [TEST_STEP][PASSED] - callTestCase: Call Test Case 'Test Cases/Login/logout' successfully

2018-11-22 09:54:45 - [TEST_CASE][PASSED] - Test Cases/Login/logout: Test Cases/Login/logout

2018-11-22 09:54:45 - [TEST_STEP][PASSED] - mouseOver: Object: 'Object Repository/LoginPage/a_Neural Testing' is hovered

2018-11-22 09:54:45 - [MESSAGE][PASSED] - Object: 'Object Repository/LoginPage/a_Neural Testing' is hovered

2018-11-22 09:54:45 - [TEST_STEP][PASSED] - click: Object: 'Object Repository/LoginPage/a_Logout' is clicked on

2018-11-22 09:54:48 - [MESSAGE][PASSED] - Object: 'Object Repository/LoginPage/a_Logout' is clicked on

2018-11-22 09:54:48 - [TEST_STEP][PASSED] - closeBrowser: Browser is closed

2018-11-22 09:54:49 - [MESSAGE][PASSED] - Browser is closed

2018-11-22 09:54:49 - [MESSAGE][PASSED] - Call Test Case 'Test Cases/Login/logout' successfully

2018-11-22 09:54:49 - [TEST_STEP][PASSED] - Statement - bufferwr.write("Logout berhasil"): null

2018-11-22 09:54:49 - [TEST_STEP][PASSED] - Statement - bufferwr.newLine(): null

2018-11-22 09:54:49 - [TEST_STEP][PASSED] - Statement - bufferwr.close(): null]]></system-out>
         <system-err><![CDATA[]]></system-err>
      </testcase>
      <testcase name="Test Cases/Campaign/Broadcast/normal - view-BC-SMS" classname="Test Cases/Campaign/Broadcast/normal - view-BC-SMS" status="ERROR">
         <error type="ERROR" message="Test Cases/Campaign/Broadcast/normal - view-BC-SMS FAILED because (of) (Stack trace: groovy.lang.MissingMethodException: No signature of method: com.kms.katalon.core.testdata.reader.SheetPOI.internallyGetvalue() is applicable for argument types: (java.lang.String, java.lang.Integer) values: [namaiklan, 0]
	at org.codehaus.groovy.runtime.ScriptBytecodeAdapter.unwrap(ScriptBytecodeAdapter.java:58)
	at org.codehaus.groovy.runtime.callsite.PojoMetaClassSite.call(PojoMetaClassSite.java:49)
	at org.codehaus.groovy.runtime.callsite.CallSiteArray.defaultCall(CallSiteArray.java:48)
	at org.codehaus.groovy.runtime.callsite.AbstractCallSite.call(AbstractCallSite.java:113)
	at org.codehaus.groovy.runtime.callsite.AbstractCallSite.call(AbstractCallSite.java:133)
	at Script1542091178463.run(Script1542091178463.groovy:65)
	at com.kms.katalon.core.main.ScriptEngine.run(ScriptEngine.java:183)
	at com.kms.katalon.core.main.ScriptEngine.runScriptAsRawText(ScriptEngine.java:108)
	at com.kms.katalon.core.main.TestCaseExecutor.runScript(TestCaseExecutor.java:294)
	at com.kms.katalon.core.main.TestCaseExecutor.doExecute(TestCaseExecutor.java:285)
	at com.kms.katalon.core.main.TestCaseExecutor.processExecutionPhase(TestCaseExecutor.java:264)
	at com.kms.katalon.core.main.TestCaseExecutor.accessMainPhase(TestCaseExecutor.java:256)
	at com.kms.katalon.core.main.TestCaseExecutor.execute(TestCaseExecutor.java:200)
	at com.kms.katalon.core.main.TestSuiteExecutor.accessTestCaseMainPhase(TestSuiteExecutor.java:129)
	at com.kms.katalon.core.main.TestSuiteExecutor.accessTestSuiteMainPhase(TestSuiteExecutor.java:112)
	at com.kms.katalon.core.main.TestSuiteExecutor.execute(TestSuiteExecutor.java:81)
	at com.kms.katalon.core.main.TestCaseMain.startTestSuite(TestCaseMain.java:142)
	at com.kms.katalon.core.main.TestCaseMain$startTestSuite$0.call(Unknown Source)
	at org.codehaus.groovy.runtime.callsite.CallSiteArray.defaultCall(CallSiteArray.java:48)
	at org.codehaus.groovy.runtime.callsite.AbstractCallSite.call(AbstractCallSite.java:113)
	at org.codehaus.groovy.runtime.callsite.AbstractCallSite.call(AbstractCallSite.java:141)
	at TempTestSuite1542855156461.run(TempTestSuite1542855156461.groovy:36)
	at groovy.lang.GroovyShell.runScriptOrMainOrTestOrRunnable(GroovyShell.java:263)
	at groovy.lang.GroovyShell.run(GroovyShell.java:518)
	at groovy.lang.GroovyShell.run(GroovyShell.java:507)
	at groovy.ui.GroovyMain.processOnce(GroovyMain.java:653)
	at groovy.ui.GroovyMain.run(GroovyMain.java:384)
	at groovy.ui.GroovyMain.process(GroovyMain.java:370)
	at groovy.ui.GroovyMain.processArgs(GroovyMain.java:129)
	at groovy.ui.GroovyMain.main(GroovyMain.java:109)
	at sun.reflect.NativeMethodAccessorImpl.invoke0(Native Method)
	at sun.reflect.NativeMethodAccessorImpl.invoke(NativeMethodAccessorImpl.java:62)
	at sun.reflect.DelegatingMethodAccessorImpl.invoke(DelegatingMethodAccessorImpl.java:43)
	at java.lang.reflect.Method.invoke(Method.java:498)
	at org.codehaus.groovy.tools.GroovyStarter.rootLoader(GroovyStarter.java:109)
	at org.codehaus.groovy.tools.GroovyStarter.main(GroovyStarter.java:131)
)"/>
         <system-out><![CDATA[2018-11-22 09:54:49 - [TEST_CASE][ERROR] - Test Cases/Campaign/Broadcast/normal - view-BC-SMS: Test Cases/Campaign/Broadcast/normal - view-BC-SMS FAILED because (of) (Stack trace: groovy.lang.MissingMethodException: No signature of method: com.kms.katalon.core.testdata.reader.SheetPOI.internallyGetvalue() is applicable for argument types: (java.lang.String, java.lang.Integer) values: [namaiklan, 0]
	at org.codehaus.groovy.runtime.ScriptBytecodeAdapter.unwrap(ScriptBytecodeAdapter.java:58)
	at org.codehaus.groovy.runtime.callsite.PojoMetaClassSite.call(PojoMetaClassSite.java:49)
	at org.codehaus.groovy.runtime.callsite.CallSiteArray.defaultCall(CallSiteArray.java:48)
	at org.codehaus.groovy.runtime.callsite.AbstractCallSite.call(AbstractCallSite.java:113)
	at org.codehaus.groovy.runtime.callsite.AbstractCallSite.call(AbstractCallSite.java:133)
	at Script1542091178463.run(Script1542091178463.groovy:65)
	at com.kms.katalon.core.main.ScriptEngine.run(ScriptEngine.java:183)
	at com.kms.katalon.core.main.ScriptEngine.runScriptAsRawText(ScriptEngine.java:108)
	at com.kms.katalon.core.main.TestCaseExecutor.runScript(TestCaseExecutor.java:294)
	at com.kms.katalon.core.main.TestCaseExecutor.doExecute(TestCaseExecutor.java:285)
	at com.kms.katalon.core.main.TestCaseExecutor.processExecutionPhase(TestCaseExecutor.java:264)
	at com.kms.katalon.core.main.TestCaseExecutor.accessMainPhase(TestCaseExecutor.java:256)
	at com.kms.katalon.core.main.TestCaseExecutor.execute(TestCaseExecutor.java:200)
	at com.kms.katalon.core.main.TestSuiteExecutor.accessTestCaseMainPhase(TestSuiteExecutor.java:129)
	at com.kms.katalon.core.main.TestSuiteExecutor.accessTestSuiteMainPhase(TestSuiteExecutor.java:112)
	at com.kms.katalon.core.main.TestSuiteExecutor.execute(TestSuiteExecutor.java:81)
	at com.kms.katalon.core.main.TestCaseMain.startTestSuite(TestCaseMain.java:142)
	at com.kms.katalon.core.main.TestCaseMain$startTestSuite$0.call(Unknown Source)
	at org.codehaus.groovy.runtime.callsite.CallSiteArray.defaultCall(CallSiteArray.java:48)
	at org.codehaus.groovy.runtime.callsite.AbstractCallSite.call(AbstractCallSite.java:113)
	at org.codehaus.groovy.runtime.callsite.AbstractCallSite.call(AbstractCallSite.java:141)
	at TempTestSuite1542855156461.run(TempTestSuite1542855156461.groovy:36)
	at groovy.lang.GroovyShell.runScriptOrMainOrTestOrRunnable(GroovyShell.java:263)
	at groovy.lang.GroovyShell.run(GroovyShell.java:518)
	at groovy.lang.GroovyShell.run(GroovyShell.java:507)
	at groovy.ui.GroovyMain.processOnce(GroovyMain.java:653)
	at groovy.ui.GroovyMain.run(GroovyMain.java:384)
	at groovy.ui.GroovyMain.process(GroovyMain.java:370)
	at groovy.ui.GroovyMain.processArgs(GroovyMain.java:129)
	at groovy.ui.GroovyMain.main(GroovyMain.java:109)
	at sun.reflect.NativeMethodAccessorImpl.invoke0(Native Method)
	at sun.reflect.NativeMethodAccessorImpl.invoke(NativeMethodAccessorImpl.java:62)
	at sun.reflect.DelegatingMethodAccessorImpl.invoke(DelegatingMethodAccessorImpl.java:43)
	at java.lang.reflect.Method.invoke(Method.java:498)
	at org.codehaus.groovy.tools.GroovyStarter.rootLoader(GroovyStarter.java:109)
	at org.codehaus.groovy.tools.GroovyStarter.main(GroovyStarter.java:131)
)

2018-11-22 09:54:49 - [TEST_STEP][PASSED] - Statement - fileOutput = new java.io.FileWriter(D:\output-checkcampaign.txt): null

2018-11-22 09:54:49 - [TEST_STEP][PASSED] - Statement - bufferwr = new java.io.BufferedWriter(fileOutput): null

2018-11-22 09:54:49 - [TEST_STEP][PASSED] - Statement - data = com.kms.katalon.core.testdata.TestDataFactory.findTestData(excel-campaign): Reading excel file with source file 'C:\Users\NITRO 5\Documents\TestDataIseng.xlsx' and sheet name 'Lembar1'

2018-11-22 09:54:49 - [TEST_STEP][PASSED] - callTestCase: Call Test Case 'Test Cases/Login/normal - login' successfully

2018-11-22 09:54:49 - [TEST_CASE][PASSED] - Test Cases/Login/normal - login: Test Cases/Login/normal - login

2018-11-22 09:54:49 - [TEST_STEP][PASSED] - openBrowser: Browser is opened with url: 'myads.telkomsel.com'

2018-11-22 09:55:15 - [MESSAGE][PASSED] - Browser is opened with url: 'myads.telkomsel.com'

2018-11-22 09:55:15 - [TEST_STEP][PASSED] - maximizeWindow: Current window maximized

2018-11-22 09:55:16 - [MESSAGE][PASSED] - Current window maximized

2018-11-22 09:55:16 - [TEST_STEP][PASSED] - click: Object: 'Object Repository/LoginPage/a_Masuk' is clicked on

2018-11-22 09:55:17 - [MESSAGE][PASSED] - Object: 'Object Repository/LoginPage/a_Masuk' is clicked on

2018-11-22 09:55:17 - [TEST_STEP][PASSED] - setText: Text 'made.bagus@neuralt.com' is set on object 'Object Repository/LoginPage/input_Alamat E-mail Anda_email'

2018-11-22 09:55:17 - [MESSAGE][PASSED] - Text 'made.bagus@neuralt.com' is set on object 'Object Repository/LoginPage/input_Alamat E-mail Anda_email'

2018-11-22 09:55:17 - [TEST_STEP][PASSED] - setText: Text 'satria28' is set on object 'Object Repository/LoginPage/input_Password_password'

2018-11-22 09:55:17 - [MESSAGE][PASSED] - Text 'satria28' is set on object 'Object Repository/LoginPage/input_Password_password'

2018-11-22 09:55:17 - [TEST_STEP][PASSED] - Statement - username = com.kms.katalon.core.webui.keyword.WebUiBuiltInKeywords.getAttribute(com.kms.katalon.core.testobject.ObjectRepository.findTestObject(LoginPage/input_Alamat E-mail Anda_email), "value"): Attribute 'value' of object 'Object Repository/LoginPage/input_Alamat E-mail Anda_email' is: 'made.bagus@neuralt.com'

2018-11-22 09:55:17 - [MESSAGE][PASSED] - Attribute 'value' of object 'Object Repository/LoginPage/input_Alamat E-mail Anda_email' is: 'made.bagus@neuralt.com'

2018-11-22 09:55:17 - [TEST_STEP][PASSED] - Statement - password = com.kms.katalon.core.webui.keyword.WebUiBuiltInKeywords.getAttribute(com.kms.katalon.core.testobject.ObjectRepository.findTestObject(LoginPage/input_Password_password), "value"): Attribute 'value' of object 'Object Repository/LoginPage/input_Password_password' is: 'satria28'

2018-11-22 09:55:17 - [MESSAGE][PASSED] - Attribute 'value' of object 'Object Repository/LoginPage/input_Password_password' is: 'satria28'

2018-11-22 09:55:17 - [TEST_STEP][PASSED] - Statement - If (username != null && password != null): Object: 'Object Repository/LoginPage/button_MASUK' is clicked on

2018-11-22 09:55:17 - [TEST_STEP][PASSED] - Statement - If (username.equals(username) && password.equals(password)): Object: 'Object Repository/LoginPage/button_MASUK' is clicked on

2018-11-22 09:55:17 - [TEST_STEP][PASSED] - Statement - println("username: " + username + " | password: " + password): null

2018-11-22 09:55:17 - [TEST_STEP][PASSED] - click: Object: 'Object Repository/LoginPage/i_Password_fa-eye' is clicked on

2018-11-22 09:55:17 - [MESSAGE][PASSED] - Object: 'Object Repository/LoginPage/i_Password_fa-eye' is clicked on

2018-11-22 09:55:17 - [TEST_STEP][PASSED] - click: Object: 'Object Repository/LoginPage/button_MASUK' is clicked on

2018-11-22 09:55:23 - [MESSAGE][PASSED] - Object: 'Object Repository/LoginPage/button_MASUK' is clicked on

2018-11-22 09:55:23 - [MESSAGE][PASSED] - Call Test Case 'Test Cases/Login/normal - login' successfully

2018-11-22 09:55:23 - [TEST_STEP][PASSED] - Statement - bufferwr.write("Login berhasil"): null

2018-11-22 09:55:23 - [TEST_STEP][PASSED] - Statement - bufferwr.newLine(): null

2018-11-22 09:55:23 - [TEST_STEP][PASSED] - Statement - For (def index2 : (0..(data.getRowNumbers() - 1))): null

2018-11-22 09:55:23 - [TEST_STEP][PASSED] - Statement - bufferwr.write("check campaign " + data.internallyGetValue("namaiklan", index2)): null

2018-11-22 09:55:23 - [TEST_STEP][PASSED] - Statement - bufferwr.newLine(): null

2018-11-22 09:55:23 - [TEST_STEP][PASSED] - mouseOver: Object: 'Object Repository/Campaign/a_Iklan' is hovered

2018-11-22 09:55:23 - [MESSAGE][PASSED] - Object: 'Object Repository/Campaign/a_Iklan' is hovered

2018-11-22 09:55:23 - [TEST_STEP][PASSED] - click: Object: 'Object Repository/Campaign/a_Daftar Iklan' is clicked on

2018-11-22 09:55:26 - [MESSAGE][PASSED] - Object: 'Object Repository/Campaign/a_Daftar Iklan' is clicked on

2018-11-22 09:55:26 - [TEST_STEP][PASSED] - Statement - status = "": null

2018-11-22 09:55:26 - [TEST_STEP][PASSED] - Statement - While (status != "STOP" || status != "REJECT" || status != "FINISH"): null

2018-11-22 09:55:26 - [TEST_STEP][PASSED] - setText: Text 'Neural_Test_20181121_01' is set on object 'Object Repository/Campaign/input_Judul Iklan_campaign_nam (1)'

2018-11-22 09:55:26 - [MESSAGE][PASSED] - Text 'Neural_Test_20181121_01' is set on object 'Object Repository/Campaign/input_Judul Iklan_campaign_nam (1)'

2018-11-22 09:55:26 - [TEST_STEP][PASSED] - sendKeys: Keys 'ENTER + ' sent to object: 'Object Repository/Campaign/input_Judul Iklan_campaign_nam (1)'

2018-11-22 09:55:29 - [MESSAGE][PASSED] - Keys 'ENTER + ' sent to object: 'Object Repository/Campaign/input_Judul Iklan_campaign_nam (1)'

2018-11-22 09:55:29 - [TEST_STEP][PASSED] - click: Object: 'Object Repository/Campaign/i_WAITING_fas fa-eye' is clicked on

2018-11-22 09:55:32 - [MESSAGE][PASSED] - Object: 'Object Repository/Campaign/i_WAITING_fas fa-eye' is clicked on

2018-11-22 09:55:32 - [TEST_STEP][PASSED] - Statement - status = com.kms.katalon.core.webui.keyword.WebUiBuiltInKeywords.getText(com.kms.katalon.core.testobject.ObjectRepository.findTestObject(Campaign/Status)): Text of object 'Object Repository/Campaign/Status' is: 'WAITING'

2018-11-22 09:55:32 - [MESSAGE][PASSED] - Text of object 'Object Repository/Campaign/Status' is: 'WAITING'

2018-11-22 09:55:32 - [TEST_STEP][PASSED] - Statement - If (status.equals("")): null

2018-11-22 09:55:32 - [TEST_STEP][PASSED] - Statement - Else If (status.equals("STOP") || status.equals("REJECT") || status.equals("FINISH")): null

2018-11-22 09:55:32 - [TEST_STEP][PASSED] - Statement - Else: null

2018-11-22 09:55:32 - [TEST_STEP][PASSED] - Statement - bufferwr.write("Status campaign " + data.internallyGetValue("namaiklan", index2) + " belum STOP/REJECT/FINISH"): null

2018-11-22 09:55:32 - [TEST_STEP][PASSED] - Statement - bufferwr.write("Menghentikan campaign " + data.internallyGetvalue("namaiklan", index2)): null]]></system-out>
         <system-err><![CDATA[2018-11-22 09:54:49 - [TEST_CASE][ERROR] - Test Cases/Campaign/Broadcast/normal - view-BC-SMS: Test Cases/Campaign/Broadcast/normal - view-BC-SMS FAILED because (of) (Stack trace: groovy.lang.MissingMethodException: No signature of method: com.kms.katalon.core.testdata.reader.SheetPOI.internallyGetvalue() is applicable for argument types: (java.lang.String, java.lang.Integer) values: [namaiklan, 0]
	at org.codehaus.groovy.runtime.ScriptBytecodeAdapter.unwrap(ScriptBytecodeAdapter.java:58)
	at org.codehaus.groovy.runtime.callsite.PojoMetaClassSite.call(PojoMetaClassSite.java:49)
	at org.codehaus.groovy.runtime.callsite.CallSiteArray.defaultCall(CallSiteArray.java:48)
	at org.codehaus.groovy.runtime.callsite.AbstractCallSite.call(AbstractCallSite.java:113)
	at org.codehaus.groovy.runtime.callsite.AbstractCallSite.call(AbstractCallSite.java:133)
	at Script1542091178463.run(Script1542091178463.groovy:65)
	at com.kms.katalon.core.main.ScriptEngine.run(ScriptEngine.java:183)
	at com.kms.katalon.core.main.ScriptEngine.runScriptAsRawText(ScriptEngine.java:108)
	at com.kms.katalon.core.main.TestCaseExecutor.runScript(TestCaseExecutor.java:294)
	at com.kms.katalon.core.main.TestCaseExecutor.doExecute(TestCaseExecutor.java:285)
	at com.kms.katalon.core.main.TestCaseExecutor.processExecutionPhase(TestCaseExecutor.java:264)
	at com.kms.katalon.core.main.TestCaseExecutor.accessMainPhase(TestCaseExecutor.java:256)
	at com.kms.katalon.core.main.TestCaseExecutor.execute(TestCaseExecutor.java:200)
	at com.kms.katalon.core.main.TestSuiteExecutor.accessTestCaseMainPhase(TestSuiteExecutor.java:129)
	at com.kms.katalon.core.main.TestSuiteExecutor.accessTestSuiteMainPhase(TestSuiteExecutor.java:112)
	at com.kms.katalon.core.main.TestSuiteExecutor.execute(TestSuiteExecutor.java:81)
	at com.kms.katalon.core.main.TestCaseMain.startTestSuite(TestCaseMain.java:142)
	at com.kms.katalon.core.main.TestCaseMain$startTestSuite$0.call(Unknown Source)
	at org.codehaus.groovy.runtime.callsite.CallSiteArray.defaultCall(CallSiteArray.java:48)
	at org.codehaus.groovy.runtime.callsite.AbstractCallSite.call(AbstractCallSite.java:113)
	at org.codehaus.groovy.runtime.callsite.AbstractCallSite.call(AbstractCallSite.java:141)
	at TempTestSuite1542855156461.run(TempTestSuite1542855156461.groovy:36)
	at groovy.lang.GroovyShell.runScriptOrMainOrTestOrRunnable(GroovyShell.java:263)
	at groovy.lang.GroovyShell.run(GroovyShell.java:518)
	at groovy.lang.GroovyShell.run(GroovyShell.java:507)
	at groovy.ui.GroovyMain.processOnce(GroovyMain.java:653)
	at groovy.ui.GroovyMain.run(GroovyMain.java:384)
	at groovy.ui.GroovyMain.process(GroovyMain.java:370)
	at groovy.ui.GroovyMain.processArgs(GroovyMain.java:129)
	at groovy.ui.GroovyMain.main(GroovyMain.java:109)
	at sun.reflect.NativeMethodAccessorImpl.invoke0(Native Method)
	at sun.reflect.NativeMethodAccessorImpl.invoke(NativeMethodAccessorImpl.java:62)
	at sun.reflect.DelegatingMethodAccessorImpl.invoke(DelegatingMethodAccessorImpl.java:43)
	at java.lang.reflect.Method.invoke(Method.java:498)
	at org.codehaus.groovy.tools.GroovyStarter.rootLoader(GroovyStarter.java:109)
	at org.codehaus.groovy.tools.GroovyStarter.main(GroovyStarter.java:131)
)]]></system-err>
      </testcase>
      <system-out><![CDATA[2018-11-22 09:52:38 - [TEST_SUITE][ERROR] - Campaign BC: Test Cases/Campaign/Broadcast/normal - view-BC-SMS FAILED because (of) (Stack trace: groovy.lang.MissingMethodException: No signature of method: com.kms.katalon.core.testdata.reader.SheetPOI.internallyGetvalue() is applicable for argument types: (java.lang.String, java.lang.Integer) values: [namaiklan, 0]
	at org.codehaus.groovy.runtime.ScriptBytecodeAdapter.unwrap(ScriptBytecodeAdapter.java:58)
	at org.codehaus.groovy.runtime.callsite.PojoMetaClassSite.call(PojoMetaClassSite.java:49)
	at org.codehaus.groovy.runtime.callsite.CallSiteArray.defaultCall(CallSiteArray.java:48)
	at org.codehaus.groovy.runtime.callsite.AbstractCallSite.call(AbstractCallSite.java:113)
	at org.codehaus.groovy.runtime.callsite.AbstractCallSite.call(AbstractCallSite.java:133)
	at Script1542091178463.run(Script1542091178463.groovy:65)
	at com.kms.katalon.core.main.ScriptEngine.run(ScriptEngine.java:183)
	at com.kms.katalon.core.main.ScriptEngine.runScriptAsRawText(ScriptEngine.java:108)
	at com.kms.katalon.core.main.TestCaseExecutor.runScript(TestCaseExecutor.java:294)
	at com.kms.katalon.core.main.TestCaseExecutor.doExecute(TestCaseExecutor.java:285)
	at com.kms.katalon.core.main.TestCaseExecutor.processExecutionPhase(TestCaseExecutor.java:264)
	at com.kms.katalon.core.main.TestCaseExecutor.accessMainPhase(TestCaseExecutor.java:256)
	at com.kms.katalon.core.main.TestCaseExecutor.execute(TestCaseExecutor.java:200)
	at com.kms.katalon.core.main.TestSuiteExecutor.accessTestCaseMainPhase(TestSuiteExecutor.java:129)
	at com.kms.katalon.core.main.TestSuiteExecutor.accessTestSuiteMainPhase(TestSuiteExecutor.java:112)
	at com.kms.katalon.core.main.TestSuiteExecutor.execute(TestSuiteExecutor.java:81)
	at com.kms.katalon.core.main.TestCaseMain.startTestSuite(TestCaseMain.java:142)
	at com.kms.katalon.core.main.TestCaseMain$startTestSuite$0.call(Unknown Source)
	at org.codehaus.groovy.runtime.callsite.CallSiteArray.defaultCall(CallSiteArray.java:48)
	at org.codehaus.groovy.runtime.callsite.AbstractCallSite.call(AbstractCallSite.java:113)
	at org.codehaus.groovy.runtime.callsite.AbstractCallSite.call(AbstractCallSite.java:141)
	at TempTestSuite1542855156461.run(TempTestSuite1542855156461.groovy:36)
	at groovy.lang.GroovyShell.runScriptOrMainOrTestOrRunnable(GroovyShell.java:263)
	at groovy.lang.GroovyShell.run(GroovyShell.java:518)
	at groovy.lang.GroovyShell.run(GroovyShell.java:507)
	at groovy.ui.GroovyMain.processOnce(GroovyMain.java:653)
	at groovy.ui.GroovyMain.run(GroovyMain.java:384)
	at groovy.ui.GroovyMain.process(GroovyMain.java:370)
	at groovy.ui.GroovyMain.processArgs(GroovyMain.java:129)
	at groovy.ui.GroovyMain.main(GroovyMain.java:109)
	at sun.reflect.NativeMethodAccessorImpl.invoke0(Native Method)
	at sun.reflect.NativeMethodAccessorImpl.invoke(NativeMethodAccessorImpl.java:62)
	at sun.reflect.DelegatingMethodAccessorImpl.invoke(DelegatingMethodAccessorImpl.java:43)
	at java.lang.reflect.Method.invoke(Method.java:498)
	at org.codehaus.groovy.tools.GroovyStarter.rootLoader(GroovyStarter.java:109)
	at org.codehaus.groovy.tools.GroovyStarter.main(GroovyStarter.java:131)
)]]></system-out>
      <system-err><![CDATA[2018-11-22 09:52:38 - [TEST_SUITE][ERROR] - Campaign BC: Test Cases/Campaign/Broadcast/normal - view-BC-SMS FAILED because (of) (Stack trace: groovy.lang.MissingMethodException: No signature of method: com.kms.katalon.core.testdata.reader.SheetPOI.internallyGetvalue() is applicable for argument types: (java.lang.String, java.lang.Integer) values: [namaiklan, 0]
	at org.codehaus.groovy.runtime.ScriptBytecodeAdapter.unwrap(ScriptBytecodeAdapter.java:58)
	at org.codehaus.groovy.runtime.callsite.PojoMetaClassSite.call(PojoMetaClassSite.java:49)
	at org.codehaus.groovy.runtime.callsite.CallSiteArray.defaultCall(CallSiteArray.java:48)
	at org.codehaus.groovy.runtime.callsite.AbstractCallSite.call(AbstractCallSite.java:113)
	at org.codehaus.groovy.runtime.callsite.AbstractCallSite.call(AbstractCallSite.java:133)
	at Script1542091178463.run(Script1542091178463.groovy:65)
	at com.kms.katalon.core.main.ScriptEngine.run(ScriptEngine.java:183)
	at com.kms.katalon.core.main.ScriptEngine.runScriptAsRawText(ScriptEngine.java:108)
	at com.kms.katalon.core.main.TestCaseExecutor.runScript(TestCaseExecutor.java:294)
	at com.kms.katalon.core.main.TestCaseExecutor.doExecute(TestCaseExecutor.java:285)
	at com.kms.katalon.core.main.TestCaseExecutor.processExecutionPhase(TestCaseExecutor.java:264)
	at com.kms.katalon.core.main.TestCaseExecutor.accessMainPhase(TestCaseExecutor.java:256)
	at com.kms.katalon.core.main.TestCaseExecutor.execute(TestCaseExecutor.java:200)
	at com.kms.katalon.core.main.TestSuiteExecutor.accessTestCaseMainPhase(TestSuiteExecutor.java:129)
	at com.kms.katalon.core.main.TestSuiteExecutor.accessTestSuiteMainPhase(TestSuiteExecutor.java:112)
	at com.kms.katalon.core.main.TestSuiteExecutor.execute(TestSuiteExecutor.java:81)
	at com.kms.katalon.core.main.TestCaseMain.startTestSuite(TestCaseMain.java:142)
	at com.kms.katalon.core.main.TestCaseMain$startTestSuite$0.call(Unknown Source)
	at org.codehaus.groovy.runtime.callsite.CallSiteArray.defaultCall(CallSiteArray.java:48)
	at org.codehaus.groovy.runtime.callsite.AbstractCallSite.call(AbstractCallSite.java:113)
	at org.codehaus.groovy.runtime.callsite.AbstractCallSite.call(AbstractCallSite.java:141)
	at TempTestSuite1542855156461.run(TempTestSuite1542855156461.groovy:36)
	at groovy.lang.GroovyShell.runScriptOrMainOrTestOrRunnable(GroovyShell.java:263)
	at groovy.lang.GroovyShell.run(GroovyShell.java:518)
	at groovy.lang.GroovyShell.run(GroovyShell.java:507)
	at groovy.ui.GroovyMain.processOnce(GroovyMain.java:653)
	at groovy.ui.GroovyMain.run(GroovyMain.java:384)
	at groovy.ui.GroovyMain.process(GroovyMain.java:370)
	at groovy.ui.GroovyMain.processArgs(GroovyMain.java:129)
	at groovy.ui.GroovyMain.main(GroovyMain.java:109)
	at sun.reflect.NativeMethodAccessorImpl.invoke0(Native Method)
	at sun.reflect.NativeMethodAccessorImpl.invoke(NativeMethodAccessorImpl.java:62)
	at sun.reflect.DelegatingMethodAccessorImpl.invoke(DelegatingMethodAccessorImpl.java:43)
	at java.lang.reflect.Method.invoke(Method.java:498)
	at org.codehaus.groovy.tools.GroovyStarter.rootLoader(GroovyStarter.java:109)
	at org.codehaus.groovy.tools.GroovyStarter.main(GroovyStarter.java:131)
)]]></system-err>
   </testsuite>
</testsuites>
